Determining if the pthread_create exist failed with the following output:
Change Dir: /home/fanzhuzhi/kalibr_workspace/build/suitesparse/CMakeFiles/CMakeTmp

Run Build Command:"/usr/bin/make" "cmTC_cd3fd/fast"
/usr/bin/make -f CMakeFiles/cmTC_cd3fd.dir/build.make CMakeFiles/cmTC_cd3fd.dir/build
make[1] : on entre dans le répertoire « /home/fanzhuzhi/kalibr_workspace/build/suitesparse/CMakeFiles/CMakeTmp »
Building C object CMakeFiles/cmTC_cd3fd.dir/CheckSymbolExists.c.o
/usr/bin/cc    -o CMakeFiles/cmTC_cd3fd.dir/CheckSymbolExists.c.o   -c /home/fanzhuzhi/kalibr_workspace/build/suitesparse/CMakeFiles/CMakeTmp/CheckSymbolExists.c
Linking C executable cmTC_cd3fd
/usr/bin/cmake -E cmake_link_script CMakeFiles/cmTC_cd3fd.dir/link.txt --verbose=1
/usr/bin/cc      -rdynamic CMakeFiles/cmTC_cd3fd.dir/CheckSymbolExists.c.o  -o cmTC_cd3fd 
CMakeFiles/cmTC_cd3fd.dir/CheckSymbolExists.c.o : Dans la fonction « main » :
CheckSymbolExists.c:(.text+0x1b) : référence indéfinie vers « pthread_create »
collect2: error: ld returned 1 exit status
CMakeFiles/cmTC_cd3fd.dir/build.make:97: recipe for target 'cmTC_cd3fd' failed
make[1]: *** [cmTC_cd3fd] Error 1
make[1] : on quitte le répertoire « /home/fanzhuzhi/kalibr_workspace/build/suitesparse/CMakeFiles/CMakeTmp »
Makefile:126: recipe for target 'cmTC_cd3fd/fast' failed
make: *** [cmTC_cd3fd/fast] Error 2

File /home/fanzhuzhi/kalibr_workspace/build/suitesparse/CMakeFiles/CMakeTmp/CheckSymbolExists.c:
/* */
#include <pthread.h>

int main(int argc, char** argv)
{
  (void)argv;
#ifndef pthread_create
  return ((int*)(&pthread_create))[argc];
#else
  (void)argc;
  return 0;
#endif
}

Determining if the function pthread_create exists in the pthreads failed with the following output:
Change Dir: /home/fanzhuzhi/kalibr_workspace/build/suitesparse/CMakeFiles/CMakeTmp

Run Build Command:"/usr/bin/make" "cmTC_a3aef/fast"
/usr/bin/make -f CMakeFiles/cmTC_a3aef.dir/build.make CMakeFiles/cmTC_a3aef.dir/build
make[1] : on entre dans le répertoire « /home/fanzhuzhi/kalibr_workspace/build/suitesparse/CMakeFiles/CMakeTmp »
Building C object CMakeFiles/cmTC_a3aef.dir/CheckFunctionExists.c.o
/usr/bin/cc   -DCHECK_FUNCTION_EXISTS=pthread_create   -o CMakeFiles/cmTC_a3aef.dir/CheckFunctionExists.c.o   -c /usr/share/cmake-3.10/Modules/CheckFunctionExists.c
Linking C executable cmTC_a3aef
/usr/bin/cmake -E cmake_link_script CMakeFiles/cmTC_a3aef.dir/link.txt --verbose=1
/usr/bin/cc  -DCHECK_FUNCTION_EXISTS=pthread_create    -rdynamic CMakeFiles/cmTC_a3aef.dir/CheckFunctionExists.c.o  -o cmTC_a3aef -lpthreads 
/usr/bin/ld : ne peut trouver -lpthreads
collect2: error: ld returned 1 exit status
CMakeFiles/cmTC_a3aef.dir/build.make:97: recipe for target 'cmTC_a3aef' failed
make[1]: *** [cmTC_a3aef] Error 1
make[1] : on quitte le répertoire « /home/fanzhuzhi/kalibr_workspace/build/suitesparse/CMakeFiles/CMakeTmp »
Makefile:126: recipe for target 'cmTC_a3aef/fast' failed
make: *** [cmTC_a3aef/fast] Error 2


