Determining if the pthread_create exist failed with the following output:
Change Dir: /home/fanzhuzhi/kalibr_workspace/build/opencv2_catkin/CMakeFiles/CMakeTmp

Run Build Command:"/usr/bin/make" "cmTC_59dc1/fast"
/usr/bin/make -f CMakeFiles/cmTC_59dc1.dir/build.make CMakeFiles/cmTC_59dc1.dir/build
make[1] : on entre dans le répertoire « /home/fanzhuzhi/kalibr_workspace/build/opencv2_catkin/CMakeFiles/CMakeTmp »
Building C object CMakeFiles/cmTC_59dc1.dir/CheckSymbolExists.c.o
/usr/bin/cc    -o CMakeFiles/cmTC_59dc1.dir/CheckSymbolExists.c.o   -c /home/fanzhuzhi/kalibr_workspace/build/opencv2_catkin/CMakeFiles/CMakeTmp/CheckSymbolExists.c
Linking C executable cmTC_59dc1
/usr/bin/cmake -E cmake_link_script CMakeFiles/cmTC_59dc1.dir/link.txt --verbose=1
/usr/bin/cc      -rdynamic CMakeFiles/cmTC_59dc1.dir/CheckSymbolExists.c.o  -o cmTC_59dc1 
CMakeFiles/cmTC_59dc1.dir/CheckSymbolExists.c.o : Dans la fonction « main » :
CheckSymbolExists.c:(.text+0x1b) : référence indéfinie vers « pthread_create »
collect2: error: ld returned 1 exit status
CMakeFiles/cmTC_59dc1.dir/build.make:97: recipe for target 'cmTC_59dc1' failed
make[1]: *** [cmTC_59dc1] Error 1
make[1] : on quitte le répertoire « /home/fanzhuzhi/kalibr_workspace/build/opencv2_catkin/CMakeFiles/CMakeTmp »
Makefile:126: recipe for target 'cmTC_59dc1/fast' failed
make: *** [cmTC_59dc1/fast] Error 2

File /home/fanzhuzhi/kalibr_workspace/build/opencv2_catkin/CMakeFiles/CMakeTmp/CheckSymbolExists.c:
/* */
#include <pthread.h>

int main(int argc, char** argv)
{
  (void)argv;
#ifndef pthread_create
  return ((int*)(&pthread_create))[argc];
#else
  (void)argc;
  return 0;
#endif
}

Determining if the function pthread_create exists in the pthreads failed with the following output:
Change Dir: /home/fanzhuzhi/kalibr_workspace/build/opencv2_catkin/CMakeFiles/CMakeTmp

Run Build Command:"/usr/bin/make" "cmTC_c6c3d/fast"
/usr/bin/make -f CMakeFiles/cmTC_c6c3d.dir/build.make CMakeFiles/cmTC_c6c3d.dir/build
make[1] : on entre dans le répertoire « /home/fanzhuzhi/kalibr_workspace/build/opencv2_catkin/CMakeFiles/CMakeTmp »
Building C object CMakeFiles/cmTC_c6c3d.dir/CheckFunctionExists.c.o
/usr/bin/cc   -DCHECK_FUNCTION_EXISTS=pthread_create   -o CMakeFiles/cmTC_c6c3d.dir/CheckFunctionExists.c.o   -c /usr/share/cmake-3.10/Modules/CheckFunctionExists.c
Linking C executable cmTC_c6c3d
/usr/bin/cmake -E cmake_link_script CMakeFiles/cmTC_c6c3d.dir/link.txt --verbose=1
/usr/bin/cc  -DCHECK_FUNCTION_EXISTS=pthread_create    -rdynamic CMakeFiles/cmTC_c6c3d.dir/CheckFunctionExists.c.o  -o cmTC_c6c3d -lpthreads 
/usr/bin/ld : ne peut trouver -lpthreads
collect2: error: ld returned 1 exit status
CMakeFiles/cmTC_c6c3d.dir/build.make:97: recipe for target 'cmTC_c6c3d' failed
make[1]: *** [cmTC_c6c3d] Error 1
make[1] : on quitte le répertoire « /home/fanzhuzhi/kalibr_workspace/build/opencv2_catkin/CMakeFiles/CMakeTmp »
Makefile:126: recipe for target 'cmTC_c6c3d/fast' failed
make: *** [cmTC_c6c3d/fast] Error 2


