Determining if the pthread_create exist failed with the following output:
Change Dir: /home/fanzhuzhi/kalibr_workspace/build/incremental_calibration_python/CMakeFiles/CMakeTmp

Run Build Command:"/usr/bin/make" "cmTC_a1816/fast"
/usr/bin/make -f CMakeFiles/cmTC_a1816.dir/build.make CMakeFiles/cmTC_a1816.dir/build
make[1] : on entre dans le répertoire « /home/fanzhuzhi/kalibr_workspace/build/incremental_calibration_python/CMakeFiles/CMakeTmp »
Building C object CMakeFiles/cmTC_a1816.dir/CheckSymbolExists.c.o
/usr/bin/cc    -o CMakeFiles/cmTC_a1816.dir/CheckSymbolExists.c.o   -c /home/fanzhuzhi/kalibr_workspace/build/incremental_calibration_python/CMakeFiles/CMakeTmp/CheckSymbolExists.c
Linking C executable cmTC_a1816
/usr/bin/cmake -E cmake_link_script CMakeFiles/cmTC_a1816.dir/link.txt --verbose=1
/usr/bin/cc      -rdynamic CMakeFiles/cmTC_a1816.dir/CheckSymbolExists.c.o  -o cmTC_a1816 
CMakeFiles/cmTC_a1816.dir/CheckSymbolExists.c.o : Dans la fonction « main » :
CheckSymbolExists.c:(.text+0x1b) : référence indéfinie vers « pthread_create »
collect2: error: ld returned 1 exit status
CMakeFiles/cmTC_a1816.dir/build.make:97: recipe for target 'cmTC_a1816' failed
make[1]: *** [cmTC_a1816] Error 1
make[1] : on quitte le répertoire « /home/fanzhuzhi/kalibr_workspace/build/incremental_calibration_python/CMakeFiles/CMakeTmp »
Makefile:126: recipe for target 'cmTC_a1816/fast' failed
make: *** [cmTC_a1816/fast] Error 2

File /home/fanzhuzhi/kalibr_workspace/build/incremental_calibration_python/CMakeFiles/CMakeTmp/CheckSymbolExists.c:
/* */
#include <pthread.h>

int main(int argc, char** argv)
{
  (void)argv;
#ifndef pthread_create
  return ((int*)(&pthread_create))[argc];
#else
  (void)argc;
  return 0;
#endif
}

Determining if the function pthread_create exists in the pthreads failed with the following output:
Change Dir: /home/fanzhuzhi/kalibr_workspace/build/incremental_calibration_python/CMakeFiles/CMakeTmp

Run Build Command:"/usr/bin/make" "cmTC_bd95a/fast"
/usr/bin/make -f CMakeFiles/cmTC_bd95a.dir/build.make CMakeFiles/cmTC_bd95a.dir/build
make[1] : on entre dans le répertoire « /home/fanzhuzhi/kalibr_workspace/build/incremental_calibration_python/CMakeFiles/CMakeTmp »
Building C object CMakeFiles/cmTC_bd95a.dir/CheckFunctionExists.c.o
/usr/bin/cc   -DCHECK_FUNCTION_EXISTS=pthread_create   -o CMakeFiles/cmTC_bd95a.dir/CheckFunctionExists.c.o   -c /usr/share/cmake-3.10/Modules/CheckFunctionExists.c
Linking C executable cmTC_bd95a
/usr/bin/cmake -E cmake_link_script CMakeFiles/cmTC_bd95a.dir/link.txt --verbose=1
/usr/bin/cc  -DCHECK_FUNCTION_EXISTS=pthread_create    -rdynamic CMakeFiles/cmTC_bd95a.dir/CheckFunctionExists.c.o  -o cmTC_bd95a -lpthreads 
/usr/bin/ld : ne peut trouver -lpthreads
collect2: error: ld returned 1 exit status
CMakeFiles/cmTC_bd95a.dir/build.make:97: recipe for target 'cmTC_bd95a' failed
make[1]: *** [cmTC_bd95a] Error 1
make[1] : on quitte le répertoire « /home/fanzhuzhi/kalibr_workspace/build/incremental_calibration_python/CMakeFiles/CMakeTmp »
Makefile:126: recipe for target 'cmTC_bd95a/fast' failed
make: *** [cmTC_bd95a/fast] Error 2


