Determining if the pthread_create exist failed with the following output:
Change Dir: /home/fanzhuzhi/kalibr_workspace/build/aslam_cv_error_terms/CMakeFiles/CMakeTmp

Run Build Command:"/usr/bin/make" "cmTC_e2552/fast"
/usr/bin/make -f CMakeFiles/cmTC_e2552.dir/build.make CMakeFiles/cmTC_e2552.dir/build
make[1] : on entre dans le répertoire « /home/fanzhuzhi/kalibr_workspace/build/aslam_cv_error_terms/CMakeFiles/CMakeTmp »
Building C object CMakeFiles/cmTC_e2552.dir/CheckSymbolExists.c.o
/usr/bin/cc    -o CMakeFiles/cmTC_e2552.dir/CheckSymbolExists.c.o   -c /home/fanzhuzhi/kalibr_workspace/build/aslam_cv_error_terms/CMakeFiles/CMakeTmp/CheckSymbolExists.c
Linking C executable cmTC_e2552
/usr/bin/cmake -E cmake_link_script CMakeFiles/cmTC_e2552.dir/link.txt --verbose=1
/usr/bin/cc      -rdynamic CMakeFiles/cmTC_e2552.dir/CheckSymbolExists.c.o  -o cmTC_e2552 
CMakeFiles/cmTC_e2552.dir/CheckSymbolExists.c.o : Dans la fonction « main » :
CheckSymbolExists.c:(.text+0x1b) : référence indéfinie vers « pthread_create »
collect2: error: ld returned 1 exit status
CMakeFiles/cmTC_e2552.dir/build.make:97: recipe for target 'cmTC_e2552' failed
make[1]: *** [cmTC_e2552] Error 1
make[1] : on quitte le répertoire « /home/fanzhuzhi/kalibr_workspace/build/aslam_cv_error_terms/CMakeFiles/CMakeTmp »
Makefile:126: recipe for target 'cmTC_e2552/fast' failed
make: *** [cmTC_e2552/fast] Error 2

File /home/fanzhuzhi/kalibr_workspace/build/aslam_cv_error_terms/CMakeFiles/CMakeTmp/CheckSymbolExists.c:
/* */
#include <pthread.h>

int main(int argc, char** argv)
{
  (void)argv;
#ifndef pthread_create
  return ((int*)(&pthread_create))[argc];
#else
  (void)argc;
  return 0;
#endif
}

Determining if the function pthread_create exists in the pthreads failed with the following output:
Change Dir: /home/fanzhuzhi/kalibr_workspace/build/aslam_cv_error_terms/CMakeFiles/CMakeTmp

Run Build Command:"/usr/bin/make" "cmTC_bb00b/fast"
/usr/bin/make -f CMakeFiles/cmTC_bb00b.dir/build.make CMakeFiles/cmTC_bb00b.dir/build
make[1] : on entre dans le répertoire « /home/fanzhuzhi/kalibr_workspace/build/aslam_cv_error_terms/CMakeFiles/CMakeTmp »
Building C object CMakeFiles/cmTC_bb00b.dir/CheckFunctionExists.c.o
/usr/bin/cc   -DCHECK_FUNCTION_EXISTS=pthread_create   -o CMakeFiles/cmTC_bb00b.dir/CheckFunctionExists.c.o   -c /usr/share/cmake-3.10/Modules/CheckFunctionExists.c
Linking C executable cmTC_bb00b
/usr/bin/cmake -E cmake_link_script CMakeFiles/cmTC_bb00b.dir/link.txt --verbose=1
/usr/bin/cc  -DCHECK_FUNCTION_EXISTS=pthread_create    -rdynamic CMakeFiles/cmTC_bb00b.dir/CheckFunctionExists.c.o  -o cmTC_bb00b -lpthreads 
/usr/bin/ld : ne peut trouver -lpthreads
collect2: error: ld returned 1 exit status
CMakeFiles/cmTC_bb00b.dir/build.make:97: recipe for target 'cmTC_bb00b' failed
make[1]: *** [cmTC_bb00b] Error 1
make[1] : on quitte le répertoire « /home/fanzhuzhi/kalibr_workspace/build/aslam_cv_error_terms/CMakeFiles/CMakeTmp »
Makefile:126: recipe for target 'cmTC_bb00b/fast' failed
make: *** [cmTC_bb00b/fast] Error 2


