Determining if the pthread_create exist failed with the following output:
Change Dir: /home/fanzhuzhi/kalibr_workspace/build/sm_boost/CMakeFiles/CMakeTmp

Run Build Command:"/usr/bin/make" "cmTC_3c00c/fast"
/usr/bin/make -f CMakeFiles/cmTC_3c00c.dir/build.make CMakeFiles/cmTC_3c00c.dir/build
make[1] : on entre dans le répertoire « /home/fanzhuzhi/kalibr_workspace/build/sm_boost/CMakeFiles/CMakeTmp »
Building C object CMakeFiles/cmTC_3c00c.dir/CheckSymbolExists.c.o
/usr/bin/cc    -o CMakeFiles/cmTC_3c00c.dir/CheckSymbolExists.c.o   -c /home/fanzhuzhi/kalibr_workspace/build/sm_boost/CMakeFiles/CMakeTmp/CheckSymbolExists.c
Linking C executable cmTC_3c00c
/usr/bin/cmake -E cmake_link_script CMakeFiles/cmTC_3c00c.dir/link.txt --verbose=1
/usr/bin/cc      -rdynamic CMakeFiles/cmTC_3c00c.dir/CheckSymbolExists.c.o  -o cmTC_3c00c 
CMakeFiles/cmTC_3c00c.dir/CheckSymbolExists.c.o : Dans la fonction « main » :
CheckSymbolExists.c:(.text+0x1b) : référence indéfinie vers « pthread_create »
collect2: error: ld returned 1 exit status
CMakeFiles/cmTC_3c00c.dir/build.make:97: recipe for target 'cmTC_3c00c' failed
make[1]: *** [cmTC_3c00c] Error 1
make[1] : on quitte le répertoire « /home/fanzhuzhi/kalibr_workspace/build/sm_boost/CMakeFiles/CMakeTmp »
Makefile:126: recipe for target 'cmTC_3c00c/fast' failed
make: *** [cmTC_3c00c/fast] Error 2

File /home/fanzhuzhi/kalibr_workspace/build/sm_boost/CMakeFiles/CMakeTmp/CheckSymbolExists.c:
/* */
#include <pthread.h>

int main(int argc, char** argv)
{
  (void)argv;
#ifndef pthread_create
  return ((int*)(&pthread_create))[argc];
#else
  (void)argc;
  return 0;
#endif
}

Determining if the function pthread_create exists in the pthreads failed with the following output:
Change Dir: /home/fanzhuzhi/kalibr_workspace/build/sm_boost/CMakeFiles/CMakeTmp

Run Build Command:"/usr/bin/make" "cmTC_04ced/fast"
/usr/bin/make -f CMakeFiles/cmTC_04ced.dir/build.make CMakeFiles/cmTC_04ced.dir/build
make[1] : on entre dans le répertoire « /home/fanzhuzhi/kalibr_workspace/build/sm_boost/CMakeFiles/CMakeTmp »
Building C object CMakeFiles/cmTC_04ced.dir/CheckFunctionExists.c.o
/usr/bin/cc   -DCHECK_FUNCTION_EXISTS=pthread_create   -o CMakeFiles/cmTC_04ced.dir/CheckFunctionExists.c.o   -c /usr/share/cmake-3.10/Modules/CheckFunctionExists.c
Linking C executable cmTC_04ced
/usr/bin/cmake -E cmake_link_script CMakeFiles/cmTC_04ced.dir/link.txt --verbose=1
/usr/bin/cc  -DCHECK_FUNCTION_EXISTS=pthread_create    -rdynamic CMakeFiles/cmTC_04ced.dir/CheckFunctionExists.c.o  -o cmTC_04ced -lpthreads 
/usr/bin/ld : ne peut trouver -lpthreads
collect2: error: ld returned 1 exit status
CMakeFiles/cmTC_04ced.dir/build.make:97: recipe for target 'cmTC_04ced' failed
make[1]: *** [cmTC_04ced] Error 1
make[1] : on quitte le répertoire « /home/fanzhuzhi/kalibr_workspace/build/sm_boost/CMakeFiles/CMakeTmp »
Makefile:126: recipe for target 'cmTC_04ced/fast' failed
make: *** [cmTC_04ced/fast] Error 2


