Determining if the pthread_create exist failed with the following output:
Change Dir: /home/fanzhuzhi/kalibr_workspace/build/aslam_cameras_april/CMakeFiles/CMakeTmp

Run Build Command:"/usr/bin/make" "cmTC_57ce2/fast"
/usr/bin/make -f CMakeFiles/cmTC_57ce2.dir/build.make CMakeFiles/cmTC_57ce2.dir/build
make[1] : on entre dans le répertoire « /home/fanzhuzhi/kalibr_workspace/build/aslam_cameras_april/CMakeFiles/CMakeTmp »
Building C object CMakeFiles/cmTC_57ce2.dir/CheckSymbolExists.c.o
/usr/bin/cc    -o CMakeFiles/cmTC_57ce2.dir/CheckSymbolExists.c.o   -c /home/fanzhuzhi/kalibr_workspace/build/aslam_cameras_april/CMakeFiles/CMakeTmp/CheckSymbolExists.c
Linking C executable cmTC_57ce2
/usr/bin/cmake -E cmake_link_script CMakeFiles/cmTC_57ce2.dir/link.txt --verbose=1
/usr/bin/cc      -rdynamic CMakeFiles/cmTC_57ce2.dir/CheckSymbolExists.c.o  -o cmTC_57ce2 
CMakeFiles/cmTC_57ce2.dir/CheckSymbolExists.c.o : Dans la fonction « main » :
CheckSymbolExists.c:(.text+0x1b) : référence indéfinie vers « pthread_create »
collect2: error: ld returned 1 exit status
CMakeFiles/cmTC_57ce2.dir/build.make:97: recipe for target 'cmTC_57ce2' failed
make[1]: *** [cmTC_57ce2] Error 1
make[1] : on quitte le répertoire « /home/fanzhuzhi/kalibr_workspace/build/aslam_cameras_april/CMakeFiles/CMakeTmp »
Makefile:126: recipe for target 'cmTC_57ce2/fast' failed
make: *** [cmTC_57ce2/fast] Error 2

File /home/fanzhuzhi/kalibr_workspace/build/aslam_cameras_april/CMakeFiles/CMakeTmp/CheckSymbolExists.c:
/* */
#include <pthread.h>

int main(int argc, char** argv)
{
  (void)argv;
#ifndef pthread_create
  return ((int*)(&pthread_create))[argc];
#else
  (void)argc;
  return 0;
#endif
}

Determining if the function pthread_create exists in the pthreads failed with the following output:
Change Dir: /home/fanzhuzhi/kalibr_workspace/build/aslam_cameras_april/CMakeFiles/CMakeTmp

Run Build Command:"/usr/bin/make" "cmTC_71175/fast"
/usr/bin/make -f CMakeFiles/cmTC_71175.dir/build.make CMakeFiles/cmTC_71175.dir/build
make[1] : on entre dans le répertoire « /home/fanzhuzhi/kalibr_workspace/build/aslam_cameras_april/CMakeFiles/CMakeTmp »
Building C object CMakeFiles/cmTC_71175.dir/CheckFunctionExists.c.o
/usr/bin/cc   -DCHECK_FUNCTION_EXISTS=pthread_create   -o CMakeFiles/cmTC_71175.dir/CheckFunctionExists.c.o   -c /usr/share/cmake-3.10/Modules/CheckFunctionExists.c
Linking C executable cmTC_71175
/usr/bin/cmake -E cmake_link_script CMakeFiles/cmTC_71175.dir/link.txt --verbose=1
/usr/bin/cc  -DCHECK_FUNCTION_EXISTS=pthread_create    -rdynamic CMakeFiles/cmTC_71175.dir/CheckFunctionExists.c.o  -o cmTC_71175 -lpthreads 
/usr/bin/ld : ne peut trouver -lpthreads
collect2: error: ld returned 1 exit status
CMakeFiles/cmTC_71175.dir/build.make:97: recipe for target 'cmTC_71175' failed
make[1]: *** [cmTC_71175] Error 1
make[1] : on quitte le répertoire « /home/fanzhuzhi/kalibr_workspace/build/aslam_cameras_april/CMakeFiles/CMakeTmp »
Makefile:126: recipe for target 'cmTC_71175/fast' failed
make: *** [cmTC_71175/fast] Error 2


