In file included from [01m[K/home/fanzhuzhi/kalibr_workspace/src/Kalibr/aslam_optimizer/sparse_block_matrix/include/sparse_block_matrix/sparse_block_matrix.h:30:0[m[K,
                 from [01m[K/home/fanzhuzhi/kalibr_workspace/src/Kalibr/aslam_optimizer/aslam_backend/include/aslam/backend/JacobianContainer.hpp:4[m[K,
                 from [01m[K/home/fanzhuzhi/kalibr_workspace/src/Kalibr/aslam_optimizer/aslam_backend/src/JacobianContainer.cpp:1[m[K:
[01m[K/home/fanzhuzhi/kalibr_workspace/src/Kalibr/aslam_optimizer/sparse_block_matrix/include/sparse_block_matrix/sparse_helper.h:[m[K In destructor ‘[01m[Ksparse_block_matrix::CholmodExt<INTTYPE>::~CholmodExt()[m[K’:
[01m[K/home/fanzhuzhi/kalibr_workspace/src/Kalibr/aslam_optimizer/sparse_block_matrix/include/sparse_block_matrix/sparse_helper.h:110:13:[m[K [01;35m[Kwarning: [m[Kthis ‘[01m[Kif[m[K’ clause does not guard... [[01;35m[K-Wmisleading-indentation[m[K]
             [01;35m[Kif[m[K(p) delete[] (INTTYPE*)p; p = 0;
             [01;35m[K^~[m[K
[01m[K/home/fanzhuzhi/kalibr_workspace/src/Kalibr/aslam_optimizer/sparse_block_matrix/include/sparse_block_matrix/sparse_helper.h:110:41:[m[K [01;36m[Knote: [m[K...this statement, but the latter is misleadingly indented as if it were guarded by the ‘[01m[Kif[m[K’
             if(p) delete[] (INTTYPE*)p; [01;36m[Kp[m[K = 0;
                                         [01;36m[K^[m[K
[01m[K/home/fanzhuzhi/kalibr_workspace/src/Kalibr/aslam_optimizer/sparse_block_matrix/include/sparse_block_matrix/sparse_helper.h:111:13:[m[K [01;35m[Kwarning: [m[Kthis ‘[01m[Kif[m[K’ clause does not guard... [[01;35m[K-Wmisleading-indentation[m[K]
             [01;35m[Kif[m[K(x) delete[] (double*)x; x = 0;
             [01;35m[K^~[m[K
[01m[K/home/fanzhuzhi/kalibr_workspace/src/Kalibr/aslam_optimizer/sparse_block_matrix/include/sparse_block_matrix/sparse_helper.h:111:40:[m[K [01;36m[Knote: [m[K...this statement, but the latter is misleadingly indented as if it were guarded by the ‘[01m[Kif[m[K’
             if(x) delete[] (double*)x; [01;36m[Kx[m[K = 0;
                                        [01;36m[K^[m[K
[01m[K/home/fanzhuzhi/kalibr_workspace/src/Kalibr/aslam_optimizer/sparse_block_matrix/include/sparse_block_matrix/sparse_helper.h:112:13:[m[K [01;35m[Kwarning: [m[Kthis ‘[01m[Kif[m[K’ clause does not guard... [[01;35m[K-Wmisleading-indentation[m[K]
             [01;35m[Kif[m[K(i) delete[] (INTTYPE*)i; i = 0;
             [01;35m[K^~[m[K
[01m[K/home/fanzhuzhi/kalibr_workspace/src/Kalibr/aslam_optimizer/sparse_block_matrix/include/sparse_block_matrix/sparse_helper.h:112:41:[m[K [01;36m[Knote: [m[K...this statement, but the latter is misleadingly indented as if it were guarded by the ‘[01m[Kif[m[K’
             if(i) delete[] (INTTYPE*)i; [01;36m[Ki[m[K = 0;
                                         [01;36m[K^[m[K
In file included from [01m[K/home/fanzhuzhi/kalibr_workspace/src/Kalibr/aslam_optimizer/sparse_block_matrix/include/sparse_block_matrix/sparse_block_matrix.h:30:0[m[K,
                 from [01m[K/home/fanzhuzhi/kalibr_workspace/src/Kalibr/aslam_optimizer/aslam_backend/include/aslam/backend/ErrorTerm.hpp:4[m[K,
                 from [01m[K/home/fanzhuzhi/kalibr_workspace/src/Kalibr/aslam_optimizer/aslam_backend/src/ErrorTerm.cpp:1[m[K:
[01m[K/home/fanzhuzhi/kalibr_workspace/src/Kalibr/aslam_optimizer/sparse_block_matrix/include/sparse_block_matrix/sparse_helper.h:[m[K In destructor ‘[01m[Ksparse_block_matrix::CholmodExt<INTTYPE>::~CholmodExt()[m[K’:
[01m[K/home/fanzhuzhi/kalibr_workspace/src/Kalibr/aslam_optimizer/sparse_block_matrix/include/sparse_block_matrix/sparse_helper.h:110:13:[m[K [01;35m[Kwarning: [m[Kthis ‘[01m[Kif[m[K’ clause does not guard... [[01;35m[K-Wmisleading-indentation[m[K]
             [01;35m[Kif[m[K(p) delete[] (INTTYPE*)p; p = 0;
             [01;35m[K^~[m[K
[01m[K/home/fanzhuzhi/kalibr_workspace/src/Kalibr/aslam_optimizer/sparse_block_matrix/include/sparse_block_matrix/sparse_helper.h:110:41:[m[K [01;36m[Knote: [m[K...this statement, but the latter is misleadingly indented as if it were guarded by the ‘[01m[Kif[m[K’
             if(p) delete[] (INTTYPE*)p; [01;36m[Kp[m[K = 0;
                                         [01;36m[K^[m[K
[01m[K/home/fanzhuzhi/kalibr_workspace/src/Kalibr/aslam_optimizer/sparse_block_matrix/include/sparse_block_matrix/sparse_helper.h:111:13:[m[K [01;35m[Kwarning: [m[Kthis ‘[01m[Kif[m[K’ clause does not guard... [[01;35m[K-Wmisleading-indentation[m[K]
             [01;35m[Kif[m[K(x) delete[] (double*)x; x = 0;
             [01;35m[K^~[m[K
[01m[K/home/fanzhuzhi/kalibr_workspace/src/Kalibr/aslam_optimizer/sparse_block_matrix/include/sparse_block_matrix/sparse_helper.h:111:40:[m[K [01;36m[Knote: [m[K...this statement, but the latter is misleadingly indented as if it were guarded by the ‘[01m[Kif[m[K’
             if(x) delete[] (double*)x; [01;36m[Kx[m[K = 0;
                                        [01;36m[K^[m[K
[01m[K/home/fanzhuzhi/kalibr_workspace/src/Kalibr/aslam_optimizer/sparse_block_matrix/include/sparse_block_matrix/sparse_helper.h:112:13:[m[K [01;35m[Kwarning: [m[Kthis ‘[01m[Kif[m[K’ clause does not guard... [[01;35m[K-Wmisleading-indentation[m[K]
             [01;35m[Kif[m[K(i) delete[] (INTTYPE*)i; i = 0;
             [01;35m[K^~[m[K
[01m[K/home/fanzhuzhi/kalibr_workspace/src/Kalibr/aslam_optimizer/sparse_block_matrix/include/sparse_block_matrix/sparse_helper.h:112:41:[m[K [01;36m[Knote: [m[K...this statement, but the latter is misleadingly indented as if it were guarded by the ‘[01m[Kif[m[K’
             if(i) delete[] (INTTYPE*)i; [01;36m[Ki[m[K = 0;
                                         [01;36m[K^[m[K
In file included from [01m[K/home/fanzhuzhi/kalibr_workspace/src/Kalibr/aslam_optimizer/sparse_block_matrix/include/sparse_block_matrix/sparse_block_matrix.h:30:0[m[K,
                 from [01m[K/home/fanzhuzhi/kalibr_workspace/src/Kalibr/aslam_optimizer/aslam_backend/include/aslam/backend/ErrorTerm.hpp:4[m[K,
                 from [01m[K/home/fanzhuzhi/kalibr_workspace/src/Kalibr/aslam_optimizer/aslam_backend/src/OptimizationProblemBase.cpp:3[m[K:
[01m[K/home/fanzhuzhi/kalibr_workspace/src/Kalibr/aslam_optimizer/sparse_block_matrix/include/sparse_block_matrix/sparse_helper.h:[m[K In destructor ‘[01m[Ksparse_block_matrix::CholmodExt<INTTYPE>::~CholmodExt()[m[K’:
[01m[K/home/fanzhuzhi/kalibr_workspace/src/Kalibr/aslam_optimizer/sparse_block_matrix/include/sparse_block_matrix/sparse_helper.h:110:13:[m[K [01;35m[Kwarning: [m[Kthis ‘[01m[Kif[m[K’ clause does not guard... [[01;35m[K-Wmisleading-indentation[m[K]
             [01;35m[Kif[m[K(p) delete[] (INTTYPE*)p; p = 0;
             [01;35m[K^~[m[K
[01m[K/home/fanzhuzhi/kalibr_workspace/src/Kalibr/aslam_optimizer/sparse_block_matrix/include/sparse_block_matrix/sparse_helper.h:110:41:[m[K [01;36m[Knote: [m[K...this statement, but the latter is misleadingly indented as if it were guarded by the ‘[01m[Kif[m[K’
             if(p) delete[] (INTTYPE*)p; [01;36m[Kp[m[K = 0;
                                         [01;36m[K^[m[K
[01m[K/home/fanzhuzhi/kalibr_workspace/src/Kalibr/aslam_optimizer/sparse_block_matrix/include/sparse_block_matrix/sparse_helper.h:111:13:[m[K [01;35m[Kwarning: [m[Kthis ‘[01m[Kif[m[K’ clause does not guard... [[01;35m[K-Wmisleading-indentation[m[K]
             [01;35m[Kif[m[K(x) delete[] (double*)x; x = 0;
             [01;35m[K^~[m[K
[01m[K/home/fanzhuzhi/kalibr_workspace/src/Kalibr/aslam_optimizer/sparse_block_matrix/include/sparse_block_matrix/sparse_helper.h:111:40:[m[K [01;36m[Knote: [m[K...this statement, but the latter is misleadingly indented as if it were guarded by the ‘[01m[Kif[m[K’
             if(x) delete[] (double*)x; [01;36m[Kx[m[K = 0;
                                        [01;36m[K^[m[K
[01m[K/home/fanzhuzhi/kalibr_workspace/src/Kalibr/aslam_optimizer/sparse_block_matrix/include/sparse_block_matrix/sparse_helper.h:112:13:[m[K [01;35m[Kwarning: [m[Kthis ‘[01m[Kif[m[K’ clause does not guard... [[01;35m[K-Wmisleading-indentation[m[K]
             [01;35m[Kif[m[K(i) delete[] (INTTYPE*)i; i = 0;
             [01;35m[K^~[m[K
[01m[K/home/fanzhuzhi/kalibr_workspace/src/Kalibr/aslam_optimizer/sparse_block_matrix/include/sparse_block_matrix/sparse_helper.h:112:41:[m[K [01;36m[Knote: [m[K...this statement, but the latter is misleadingly indented as if it were guarded by the ‘[01m[Kif[m[K’
             if(i) delete[] (INTTYPE*)i; [01;36m[Ki[m[K = 0;
                                         [01;36m[K^[m[K
In file included from [01m[K/home/fanzhuzhi/kalibr_workspace/src/Kalibr/aslam_optimizer/sparse_block_matrix/include/sparse_block_matrix/sparse_block_matrix.h:30:0[m[K,
                 from [01m[K/home/fanzhuzhi/kalibr_workspace/src/Kalibr/aslam_optimizer/sparse_block_matrix/include/sparse_block_matrix/linear_solver.h:19[m[K,
                 from [01m[K/home/fanzhuzhi/kalibr_workspace/src/Kalibr/aslam_optimizer/aslam_backend/include/aslam/backend/Optimizer.hpp:5[m[K,
                 from [01m[K/home/fanzhuzhi/kalibr_workspace/src/Kalibr/aslam_optimizer/aslam_backend/src/Optimizer.cpp:1[m[K:
[01m[K/home/fanzhuzhi/kalibr_workspace/src/Kalibr/aslam_optimizer/sparse_block_matrix/include/sparse_block_matrix/sparse_helper.h:[m[K In destructor ‘[01m[Ksparse_block_matrix::CholmodExt<INTTYPE>::~CholmodExt()[m[K’:
[01m[K/home/fanzhuzhi/kalibr_workspace/src/Kalibr/aslam_optimizer/sparse_block_matrix/include/sparse_block_matrix/sparse_helper.h:110:13:[m[K [01;35m[Kwarning: [m[Kthis ‘[01m[Kif[m[K’ clause does not guard... [[01;35m[K-Wmisleading-indentation[m[K]
             [01;35m[Kif[m[K(p) delete[] (INTTYPE*)p; p = 0;
             [01;35m[K^~[m[K
[01m[K/home/fanzhuzhi/kalibr_workspace/src/Kalibr/aslam_optimizer/sparse_block_matrix/include/sparse_block_matrix/sparse_helper.h:110:41:[m[K [01;36m[Knote: [m[K...this statement, but the latter is misleadingly indented as if it were guarded by the ‘[01m[Kif[m[K’
             if(p) delete[] (INTTYPE*)p; [01;36m[Kp[m[K = 0;
                                         [01;36m[K^[m[K
[01m[K/home/fanzhuzhi/kalibr_workspace/src/Kalibr/aslam_optimizer/sparse_block_matrix/include/sparse_block_matrix/sparse_helper.h:111:13:[m[K [01;35m[Kwarning: [m[Kthis ‘[01m[Kif[m[K’ clause does not guard... [[01;35m[K-Wmisleading-indentation[m[K]
             [01;35m[Kif[m[K(x) delete[] (double*)x; x = 0;
             [01;35m[K^~[m[K
[01m[K/home/fanzhuzhi/kalibr_workspace/src/Kalibr/aslam_optimizer/sparse_block_matrix/include/sparse_block_matrix/sparse_helper.h:111:40:[m[K [01;36m[Knote: [m[K...this statement, but the latter is misleadingly indented as if it were guarded by the ‘[01m[Kif[m[K’
             if(x) delete[] (double*)x; [01;36m[Kx[m[K = 0;
                                        [01;36m[K^[m[K
[01m[K/home/fanzhuzhi/kalibr_workspace/src/Kalibr/aslam_optimizer/sparse_block_matrix/include/sparse_block_matrix/sparse_helper.h:112:13:[m[K [01;35m[Kwarning: [m[Kthis ‘[01m[Kif[m[K’ clause does not guard... [[01;35m[K-Wmisleading-indentation[m[K]
             [01;35m[Kif[m[K(i) delete[] (INTTYPE*)i; i = 0;
             [01;35m[K^~[m[K
[01m[K/home/fanzhuzhi/kalibr_workspace/src/Kalibr/aslam_optimizer/sparse_block_matrix/include/sparse_block_matrix/sparse_helper.h:112:41:[m[K [01;36m[Knote: [m[K...this statement, but the latter is misleadingly indented as if it were guarded by the ‘[01m[Kif[m[K’
             if(i) delete[] (INTTYPE*)i; [01;36m[Ki[m[K = 0;
                                         [01;36m[K^[m[K
In file included from [01m[K/home/fanzhuzhi/kalibr_workspace/src/Kalibr/aslam_optimizer/sparse_block_matrix/include/sparse_block_matrix/sparse_block_matrix.h:30:0[m[K,
                 from [01m[K/home/fanzhuzhi/kalibr_workspace/src/Kalibr/aslam_optimizer/sparse_block_matrix/include/sparse_block_matrix/linear_solver.h:19[m[K,
                 from [01m[K/home/fanzhuzhi/kalibr_workspace/src/Kalibr/aslam_optimizer/aslam_backend/include/aslam/backend/sparse_matrix_functions.hpp:4[m[K,
                 from [01m[K/home/fanzhuzhi/kalibr_workspace/src/Kalibr/aslam_optimizer/aslam_backend/src/sparse_matrix_functions.cpp:1[m[K:
[01m[K/home/fanzhuzhi/kalibr_workspace/src/Kalibr/aslam_optimizer/sparse_block_matrix/include/sparse_block_matrix/sparse_helper.h:[m[K In destructor ‘[01m[Ksparse_block_matrix::CholmodExt<INTTYPE>::~CholmodExt()[m[K’:
[01m[K/home/fanzhuzhi/kalibr_workspace/src/Kalibr/aslam_optimizer/sparse_block_matrix/include/sparse_block_matrix/sparse_helper.h:110:13:[m[K [01;35m[Kwarning: [m[Kthis ‘[01m[Kif[m[K’ clause does not guard... [[01;35m[K-Wmisleading-indentation[m[K]
             [01;35m[Kif[m[K(p) delete[] (INTTYPE*)p; p = 0;
             [01;35m[K^~[m[K
[01m[K/home/fanzhuzhi/kalibr_workspace/src/Kalibr/aslam_optimizer/sparse_block_matrix/include/sparse_block_matrix/sparse_helper.h:110:41:[m[K [01;36m[Knote: [m[K...this statement, but the latter is misleadingly indented as if it were guarded by the ‘[01m[Kif[m[K’
             if(p) delete[] (INTTYPE*)p; [01;36m[Kp[m[K = 0;
                                         [01;36m[K^[m[K
[01m[K/home/fanzhuzhi/kalibr_workspace/src/Kalibr/aslam_optimizer/sparse_block_matrix/include/sparse_block_matrix/sparse_helper.h:111:13:[m[K [01;35m[Kwarning: [m[Kthis ‘[01m[Kif[m[K’ clause does not guard... [[01;35m[K-Wmisleading-indentation[m[K]
             [01;35m[Kif[m[K(x) delete[] (double*)x; x = 0;
             [01;35m[K^~[m[K
[01m[K/home/fanzhuzhi/kalibr_workspace/src/Kalibr/aslam_optimizer/sparse_block_matrix/include/sparse_block_matrix/sparse_helper.h:111:40:[m[K [01;36m[Knote: [m[K...this statement, but the latter is misleadingly indented as if it were guarded by the ‘[01m[Kif[m[K’
             if(x) delete[] (double*)x; [01;36m[Kx[m[K = 0;
                                        [01;36m[K^[m[K
[01m[K/home/fanzhuzhi/kalibr_workspace/src/Kalibr/aslam_optimizer/sparse_block_matrix/include/sparse_block_matrix/sparse_helper.h:112:13:[m[K [01;35m[Kwarning: [m[Kthis ‘[01m[Kif[m[K’ clause does not guard... [[01;35m[K-Wmisleading-indentation[m[K]
             [01;35m[Kif[m[K(i) delete[] (INTTYPE*)i; i = 0;
             [01;35m[K^~[m[K
[01m[K/home/fanzhuzhi/kalibr_workspace/src/Kalibr/aslam_optimizer/sparse_block_matrix/include/sparse_block_matrix/sparse_helper.h:112:41:[m[K [01;36m[Knote: [m[K...this statement, but the latter is misleadingly indented as if it were guarded by the ‘[01m[Kif[m[K’
             if(i) delete[] (INTTYPE*)i; [01;36m[Ki[m[K = 0;
                                         [01;36m[K^[m[K
In file included from [01m[K/home/fanzhuzhi/kalibr_workspace/src/Kalibr/aslam_optimizer/sparse_block_matrix/include/sparse_block_matrix/sparse_block_matrix.h:30:0[m[K,
                 from [01m[K/home/fanzhuzhi/kalibr_workspace/src/Kalibr/aslam_optimizer/aslam_backend/include/aslam/backend/ErrorTerm.hpp:4[m[K,
                 from [01m[K/home/fanzhuzhi/kalibr_workspace/src/Kalibr/aslam_optimizer/aslam_backend/src/OptimizationProblem.cpp:3[m[K:
[01m[K/home/fanzhuzhi/kalibr_workspace/src/Kalibr/aslam_optimizer/sparse_block_matrix/include/sparse_block_matrix/sparse_helper.h:[m[K In destructor ‘[01m[Ksparse_block_matrix::CholmodExt<INTTYPE>::~CholmodExt()[m[K’:
[01m[K/home/fanzhuzhi/kalibr_workspace/src/Kalibr/aslam_optimizer/sparse_block_matrix/include/sparse_block_matrix/sparse_helper.h:110:13:[m[K [01;35m[Kwarning: [m[Kthis ‘[01m[Kif[m[K’ clause does not guard... [[01;35m[K-Wmisleading-indentation[m[K]
             [01;35m[Kif[m[K(p) delete[] (INTTYPE*)p; p = 0;
             [01;35m[K^~[m[K
[01m[K/home/fanzhuzhi/kalibr_workspace/src/Kalibr/aslam_optimizer/sparse_block_matrix/include/sparse_block_matrix/sparse_helper.h:110:41:[m[K [01;36m[Knote: [m[K...this statement, but the latter is misleadingly indented as if it were guarded by the ‘[01m[Kif[m[K’
             if(p) delete[] (INTTYPE*)p; [01;36m[Kp[m[K = 0;
                                         [01;36m[K^[m[K
[01m[K/home/fanzhuzhi/kalibr_workspace/src/Kalibr/aslam_optimizer/sparse_block_matrix/include/sparse_block_matrix/sparse_helper.h:111:13:[m[K [01;35m[Kwarning: [m[Kthis ‘[01m[Kif[m[K’ clause does not guard... [[01;35m[K-Wmisleading-indentation[m[K]
             [01;35m[Kif[m[K(x) delete[] (double*)x; x = 0;
             [01;35m[K^~[m[K
[01m[K/home/fanzhuzhi/kalibr_workspace/src/Kalibr/aslam_optimizer/sparse_block_matrix/include/sparse_block_matrix/sparse_helper.h:111:40:[m[K [01;36m[Knote: [m[K...this statement, but the latter is misleadingly indented as if it were guarded by the ‘[01m[Kif[m[K’
             if(x) delete[] (double*)x; [01;36m[Kx[m[K = 0;
                                        [01;36m[K^[m[K
[01m[K/home/fanzhuzhi/kalibr_workspace/src/Kalibr/aslam_optimizer/sparse_block_matrix/include/sparse_block_matrix/sparse_helper.h:112:13:[m[K [01;35m[Kwarning: [m[Kthis ‘[01m[Kif[m[K’ clause does not guard... [[01;35m[K-Wmisleading-indentation[m[K]
             [01;35m[Kif[m[K(i) delete[] (INTTYPE*)i; i = 0;
             [01;35m[K^~[m[K
[01m[K/home/fanzhuzhi/kalibr_workspace/src/Kalibr/aslam_optimizer/sparse_block_matrix/include/sparse_block_matrix/sparse_helper.h:112:41:[m[K [01;36m[Knote: [m[K...this statement, but the latter is misleadingly indented as if it were guarded by the ‘[01m[Kif[m[K’
             if(i) delete[] (INTTYPE*)i; [01;36m[Ki[m[K = 0;
                                         [01;36m[K^[m[K
In file included from [01m[K/home/fanzhuzhi/kalibr_workspace/src/Kalibr/aslam_optimizer/sparse_block_matrix/include/sparse_block_matrix/sparse_block_matrix.h:30:0[m[K,
                 from [01m[K/home/fanzhuzhi/kalibr_workspace/src/Kalibr/aslam_optimizer/aslam_backend/include/aslam/backend/ErrorTerm.hpp:4[m[K,
                 from [01m[K/home/fanzhuzhi/kalibr_workspace/src/Kalibr/aslam_optimizer/aslam_backend/src/SimpleOptimizationProblem.cpp:3[m[K:
[01m[K/home/fanzhuzhi/kalibr_workspace/src/Kalibr/aslam_optimizer/sparse_block_matrix/include/sparse_block_matrix/sparse_helper.h:[m[K In destructor ‘[01m[Ksparse_block_matrix::CholmodExt<INTTYPE>::~CholmodExt()[m[K’:
[01m[K/home/fanzhuzhi/kalibr_workspace/src/Kalibr/aslam_optimizer/sparse_block_matrix/include/sparse_block_matrix/sparse_helper.h:110:13:[m[K [01;35m[Kwarning: [m[Kthis ‘[01m[Kif[m[K’ clause does not guard... [[01;35m[K-Wmisleading-indentation[m[K]
             [01;35m[Kif[m[K(p) delete[] (INTTYPE*)p; p = 0;
             [01;35m[K^~[m[K
[01m[K/home/fanzhuzhi/kalibr_workspace/src/Kalibr/aslam_optimizer/sparse_block_matrix/include/sparse_block_matrix/sparse_helper.h:110:41:[m[K [01;36m[Knote: [m[K...this statement, but the latter is misleadingly indented as if it were guarded by the ‘[01m[Kif[m[K’
             if(p) delete[] (INTTYPE*)p; [01;36m[Kp[m[K = 0;
                                         [01;36m[K^[m[K
[01m[K/home/fanzhuzhi/kalibr_workspace/src/Kalibr/aslam_optimizer/sparse_block_matrix/include/sparse_block_matrix/sparse_helper.h:111:13:[m[K [01;35m[Kwarning: [m[Kthis ‘[01m[Kif[m[K’ clause does not guard... [[01;35m[K-Wmisleading-indentation[m[K]
             [01;35m[Kif[m[K(x) delete[] (double*)x; x = 0;
             [01;35m[K^~[m[K
[01m[K/home/fanzhuzhi/kalibr_workspace/src/Kalibr/aslam_optimizer/sparse_block_matrix/include/sparse_block_matrix/sparse_helper.h:111:40:[m[K [01;36m[Knote: [m[K...this statement, but the latter is misleadingly indented as if it were guarded by the ‘[01m[Kif[m[K’
             if(x) delete[] (double*)x; [01;36m[Kx[m[K = 0;
                                        [01;36m[K^[m[K
[01m[K/home/fanzhuzhi/kalibr_workspace/src/Kalibr/aslam_optimizer/sparse_block_matrix/include/sparse_block_matrix/sparse_helper.h:112:13:[m[K [01;35m[Kwarning: [m[Kthis ‘[01m[Kif[m[K’ clause does not guard... [[01;35m[K-Wmisleading-indentation[m[K]
             [01;35m[Kif[m[K(i) delete[] (INTTYPE*)i; i = 0;
             [01;35m[K^~[m[K
[01m[K/home/fanzhuzhi/kalibr_workspace/src/Kalibr/aslam_optimizer/sparse_block_matrix/include/sparse_block_matrix/sparse_helper.h:112:41:[m[K [01;36m[Knote: [m[K...this statement, but the latter is misleadingly indented as if it were guarded by the ‘[01m[Kif[m[K’
             if(i) delete[] (INTTYPE*)i; [01;36m[Ki[m[K = 0;
                                         [01;36m[K^[m[K
In file included from [01m[K/home/fanzhuzhi/kalibr_workspace/src/Kalibr/aslam_optimizer/sparse_block_matrix/include/sparse_block_matrix/sparse_block_matrix.h:30:0[m[K,
                 from [01m[K/home/fanzhuzhi/kalibr_workspace/src/Kalibr/aslam_optimizer/aslam_backend/include/aslam/backend/ErrorTerm.hpp:4[m[K,
                 from [01m[K/home/fanzhuzhi/kalibr_workspace/src/Kalibr/aslam_optimizer/aslam_backend/include/aslam/backend/JacobianBuilder.hpp:5[m[K,
                 from [01m[K/home/fanzhuzhi/kalibr_workspace/src/Kalibr/aslam_optimizer/aslam_backend/src/JacobianBuilder.cpp:1[m[K:
[01m[K/home/fanzhuzhi/kalibr_workspace/src/Kalibr/aslam_optimizer/sparse_block_matrix/include/sparse_block_matrix/sparse_helper.h:[m[K In destructor ‘[01m[Ksparse_block_matrix::CholmodExt<INTTYPE>::~CholmodExt()[m[K’:
[01m[K/home/fanzhuzhi/kalibr_workspace/src/Kalibr/aslam_optimizer/sparse_block_matrix/include/sparse_block_matrix/sparse_helper.h:110:13:[m[K [01;35m[Kwarning: [m[Kthis ‘[01m[Kif[m[K’ clause does not guard... [[01;35m[K-Wmisleading-indentation[m[K]
             [01;35m[Kif[m[K(p) delete[] (INTTYPE*)p; p = 0;
             [01;35m[K^~[m[K
[01m[K/home/fanzhuzhi/kalibr_workspace/src/Kalibr/aslam_optimizer/sparse_block_matrix/include/sparse_block_matrix/sparse_helper.h:110:41:[m[K [01;36m[Knote: [m[K...this statement, but the latter is misleadingly indented as if it were guarded by the ‘[01m[Kif[m[K’
             if(p) delete[] (INTTYPE*)p; [01;36m[Kp[m[K = 0;
                                         [01;36m[K^[m[K
[01m[K/home/fanzhuzhi/kalibr_workspace/src/Kalibr/aslam_optimizer/sparse_block_matrix/include/sparse_block_matrix/sparse_helper.h:111:13:[m[K [01;35m[Kwarning: [m[Kthis ‘[01m[Kif[m[K’ clause does not guard... [[01;35m[K-Wmisleading-indentation[m[K]
             [01;35m[Kif[m[K(x) delete[] (double*)x; x = 0;
             [01;35m[K^~[m[K
[01m[K/home/fanzhuzhi/kalibr_workspace/src/Kalibr/aslam_optimizer/sparse_block_matrix/include/sparse_block_matrix/sparse_helper.h:111:40:[m[K [01;36m[Knote: [m[K...this statement, but the latter is misleadingly indented as if it were guarded by the ‘[01m[Kif[m[K’
             if(x) delete[] (double*)x; [01;36m[Kx[m[K = 0;
                                        [01;36m[K^[m[K
[01m[K/home/fanzhuzhi/kalibr_workspace/src/Kalibr/aslam_optimizer/sparse_block_matrix/include/sparse_block_matrix/sparse_helper.h:112:13:[m[K [01;35m[Kwarning: [m[Kthis ‘[01m[Kif[m[K’ clause does not guard... [[01;35m[K-Wmisleading-indentation[m[K]
             [01;35m[Kif[m[K(i) delete[] (INTTYPE*)i; i = 0;
             [01;35m[K^~[m[K
[01m[K/home/fanzhuzhi/kalibr_workspace/src/Kalibr/aslam_optimizer/sparse_block_matrix/include/sparse_block_matrix/sparse_helper.h:112:41:[m[K [01;36m[Knote: [m[K...this statement, but the latter is misleadingly indented as if it were guarded by the ‘[01m[Kif[m[K’
             if(i) delete[] (INTTYPE*)i; [01;36m[Ki[m[K = 0;
                                         [01;36m[K^[m[K
In file included from [01m[K/home/fanzhuzhi/kalibr_workspace/src/Kalibr/aslam_optimizer/sparse_block_matrix/include/sparse_block_matrix/sparse_block_matrix.h:30:0[m[K,
                 from [01m[K/home/fanzhuzhi/kalibr_workspace/src/Kalibr/aslam_optimizer/aslam_backend/include/aslam/backend/ErrorTerm.hpp:4[m[K,
                 from [01m[K/home/fanzhuzhi/kalibr_workspace/src/Kalibr/aslam_optimizer/aslam_backend/src/LinearSystemSolver.cpp:3[m[K:
[01m[K/home/fanzhuzhi/kalibr_workspace/src/Kalibr/aslam_optimizer/sparse_block_matrix/include/sparse_block_matrix/sparse_helper.h:[m[K In destructor ‘[01m[Ksparse_block_matrix::CholmodExt<INTTYPE>::~CholmodExt()[m[K’:
[01m[K/home/fanzhuzhi/kalibr_workspace/src/Kalibr/aslam_optimizer/sparse_block_matrix/include/sparse_block_matrix/sparse_helper.h:110:13:[m[K [01;35m[Kwarning: [m[Kthis ‘[01m[Kif[m[K’ clause does not guard... [[01;35m[K-Wmisleading-indentation[m[K]
             [01;35m[Kif[m[K(p) delete[] (INTTYPE*)p; p = 0;
             [01;35m[K^~[m[K
[01m[K/home/fanzhuzhi/kalibr_workspace/src/Kalibr/aslam_optimizer/sparse_block_matrix/include/sparse_block_matrix/sparse_helper.h:110:41:[m[K [01;36m[Knote: [m[K...this statement, but the latter is misleadingly indented as if it were guarded by the ‘[01m[Kif[m[K’
             if(p) delete[] (INTTYPE*)p; [01;36m[Kp[m[K = 0;
                                         [01;36m[K^[m[K
[01m[K/home/fanzhuzhi/kalibr_workspace/src/Kalibr/aslam_optimizer/sparse_block_matrix/include/sparse_block_matrix/sparse_helper.h:111:13:[m[K [01;35m[Kwarning: [m[Kthis ‘[01m[Kif[m[K’ clause does not guard... [[01;35m[K-Wmisleading-indentation[m[K]
             [01;35m[Kif[m[K(x) delete[] (double*)x; x = 0;
             [01;35m[K^~[m[K
[01m[K/home/fanzhuzhi/kalibr_workspace/src/Kalibr/aslam_optimizer/sparse_block_matrix/include/sparse_block_matrix/sparse_helper.h:111:40:[m[K [01;36m[Knote: [m[K...this statement, but the latter is misleadingly indented as if it were guarded by the ‘[01m[Kif[m[K’
             if(x) delete[] (double*)x; [01;36m[Kx[m[K = 0;
                                        [01;36m[K^[m[K
[01m[K/home/fanzhuzhi/kalibr_workspace/src/Kalibr/aslam_optimizer/sparse_block_matrix/include/sparse_block_matrix/sparse_helper.h:112:13:[m[K [01;35m[Kwarning: [m[Kthis ‘[01m[Kif[m[K’ clause does not guard... [[01;35m[K-Wmisleading-indentation[m[K]
             [01;35m[Kif[m[K(i) delete[] (INTTYPE*)i; i = 0;
             [01;35m[K^~[m[K
[01m[K/home/fanzhuzhi/kalibr_workspace/src/Kalibr/aslam_optimizer/sparse_block_matrix/include/sparse_block_matrix/sparse_helper.h:112:41:[m[K [01;36m[Knote: [m[K...this statement, but the latter is misleadingly indented as if it were guarded by the ‘[01m[Kif[m[K’
             if(i) delete[] (INTTYPE*)i; [01;36m[Ki[m[K = 0;
                                         [01;36m[K^[m[K
In file included from [01m[K/home/fanzhuzhi/kalibr_workspace/src/Kalibr/aslam_optimizer/sparse_block_matrix/include/sparse_block_matrix/sparse_block_matrix.h:30:0[m[K,
                 from [01m[K/home/fanzhuzhi/kalibr_workspace/src/Kalibr/aslam_optimizer/sparse_block_matrix/include/sparse_block_matrix/linear_solver.h:19[m[K,
                 from [01m[K/home/fanzhuzhi/kalibr_workspace/src/Kalibr/aslam_optimizer/aslam_backend/include/aslam/backend/BlockCholeskyLinearSystemSolver.hpp:5[m[K,
                 from [01m[K/home/fanzhuzhi/kalibr_workspace/src/Kalibr/aslam_optimizer/aslam_backend/src/BlockCholeskyLinearSystemSolver.cpp:1[m[K:
[01m[K/home/fanzhuzhi/kalibr_workspace/src/Kalibr/aslam_optimizer/sparse_block_matrix/include/sparse_block_matrix/sparse_helper.h:[m[K In destructor ‘[01m[Ksparse_block_matrix::CholmodExt<INTTYPE>::~CholmodExt()[m[K’:
[01m[K/home/fanzhuzhi/kalibr_workspace/src/Kalibr/aslam_optimizer/sparse_block_matrix/include/sparse_block_matrix/sparse_helper.h:110:13:[m[K [01;35m[Kwarning: [m[Kthis ‘[01m[Kif[m[K’ clause does not guard... [[01;35m[K-Wmisleading-indentation[m[K]
             [01;35m[Kif[m[K(p) delete[] (INTTYPE*)p; p = 0;
             [01;35m[K^~[m[K
[01m[K/home/fanzhuzhi/kalibr_workspace/src/Kalibr/aslam_optimizer/sparse_block_matrix/include/sparse_block_matrix/sparse_helper.h:110:41:[m[K [01;36m[Knote: [m[K...this statement, but the latter is misleadingly indented as if it were guarded by the ‘[01m[Kif[m[K’
             if(p) delete[] (INTTYPE*)p; [01;36m[Kp[m[K = 0;
                                         [01;36m[K^[m[K
[01m[K/home/fanzhuzhi/kalibr_workspace/src/Kalibr/aslam_optimizer/sparse_block_matrix/include/sparse_block_matrix/sparse_helper.h:111:13:[m[K [01;35m[Kwarning: [m[Kthis ‘[01m[Kif[m[K’ clause does not guard... [[01;35m[K-Wmisleading-indentation[m[K]
             [01;35m[Kif[m[K(x) delete[] (double*)x; x = 0;
             [01;35m[K^~[m[K
[01m[K/home/fanzhuzhi/kalibr_workspace/src/Kalibr/aslam_optimizer/sparse_block_matrix/include/sparse_block_matrix/sparse_helper.h:111:40:[m[K [01;36m[Knote: [m[K...this statement, but the latter is misleadingly indented as if it were guarded by the ‘[01m[Kif[m[K’
             if(x) delete[] (double*)x; [01;36m[Kx[m[K = 0;
                                        [01;36m[K^[m[K
[01m[K/home/fanzhuzhi/kalibr_workspace/src/Kalibr/aslam_optimizer/sparse_block_matrix/include/sparse_block_matrix/sparse_helper.h:112:13:[m[K [01;35m[Kwarning: [m[Kthis ‘[01m[Kif[m[K’ clause does not guard... [[01;35m[K-Wmisleading-indentation[m[K]
             [01;35m[Kif[m[K(i) delete[] (INTTYPE*)i; i = 0;
             [01;35m[K^~[m[K
[01m[K/home/fanzhuzhi/kalibr_workspace/src/Kalibr/aslam_optimizer/sparse_block_matrix/include/sparse_block_matrix/sparse_helper.h:112:41:[m[K [01;36m[Knote: [m[K...this statement, but the latter is misleadingly indented as if it were guarded by the ‘[01m[Kif[m[K’
             if(i) delete[] (INTTYPE*)i; [01;36m[Ki[m[K = 0;
                                         [01;36m[K^[m[K
In file included from [01m[K/home/fanzhuzhi/kalibr_workspace/src/Kalibr/aslam_optimizer/sparse_block_matrix/include/sparse_block_matrix/sparse_block_matrix.h:30:0[m[K,
                 from [01m[K/home/fanzhuzhi/kalibr_workspace/src/Kalibr/aslam_optimizer/aslam_backend/include/aslam/backend/ErrorTerm.hpp:4[m[K,
                 from [01m[K/home/fanzhuzhi/kalibr_workspace/src/Kalibr/aslam_optimizer/aslam_backend/include/aslam/backend/JacobianBuilder.hpp:5[m[K,
                 from [01m[K/home/fanzhuzhi/kalibr_workspace/src/Kalibr/aslam_optimizer/aslam_backend/include/aslam/backend/CompressedColumnJacobianTransposeBuilder.hpp:4[m[K,
                 from [01m[K/home/fanzhuzhi/kalibr_workspace/src/Kalibr/aslam_optimizer/aslam_backend/include/aslam/backend/SparseCholeskyLinearSystemSolver.hpp:5[m[K,
                 from [01m[K/home/fanzhuzhi/kalibr_workspace/src/Kalibr/aslam_optimizer/aslam_backend/src/SparseCholeskyLinearSystemSolver.cpp:1[m[K:
[01m[K/home/fanzhuzhi/kalibr_workspace/src/Kalibr/aslam_optimizer/sparse_block_matrix/include/sparse_block_matrix/sparse_helper.h:[m[K In destructor ‘[01m[Ksparse_block_matrix::CholmodExt<INTTYPE>::~CholmodExt()[m[K’:
[01m[K/home/fanzhuzhi/kalibr_workspace/src/Kalibr/aslam_optimizer/sparse_block_matrix/include/sparse_block_matrix/sparse_helper.h:110:13:[m[K [01;35m[Kwarning: [m[Kthis ‘[01m[Kif[m[K’ clause does not guard... [[01;35m[K-Wmisleading-indentation[m[K]
             [01;35m[Kif[m[K(p) delete[] (INTTYPE*)p; p = 0;
             [01;35m[K^~[m[K
[01m[K/home/fanzhuzhi/kalibr_workspace/src/Kalibr/aslam_optimizer/sparse_block_matrix/include/sparse_block_matrix/sparse_helper.h:110:41:[m[K [01;36m[Knote: [m[K...this statement, but the latter is misleadingly indented as if it were guarded by the ‘[01m[Kif[m[K’
             if(p) delete[] (INTTYPE*)p; [01;36m[Kp[m[K = 0;
                                         [01;36m[K^[m[K
[01m[K/home/fanzhuzhi/kalibr_workspace/src/Kalibr/aslam_optimizer/sparse_block_matrix/include/sparse_block_matrix/sparse_helper.h:111:13:[m[K [01;35m[Kwarning: [m[Kthis ‘[01m[Kif[m[K’ clause does not guard... [[01;35m[K-Wmisleading-indentation[m[K]
             [01;35m[Kif[m[K(x) delete[] (double*)x; x = 0;
             [01;35m[K^~[m[K
[01m[K/home/fanzhuzhi/kalibr_workspace/src/Kalibr/aslam_optimizer/sparse_block_matrix/include/sparse_block_matrix/sparse_helper.h:111:40:[m[K [01;36m[Knote: [m[K...this statement, but the latter is misleadingly indented as if it were guarded by the ‘[01m[Kif[m[K’
             if(x) delete[] (double*)x; [01;36m[Kx[m[K = 0;
                                        [01;36m[K^[m[K
[01m[K/home/fanzhuzhi/kalibr_workspace/src/Kalibr/aslam_optimizer/sparse_block_matrix/include/sparse_block_matrix/sparse_helper.h:112:13:[m[K [01;35m[Kwarning: [m[Kthis ‘[01m[Kif[m[K’ clause does not guard... [[01;35m[K-Wmisleading-indentation[m[K]
             [01;35m[Kif[m[K(i) delete[] (INTTYPE*)i; i = 0;
             [01;35m[K^~[m[K
[01m[K/home/fanzhuzhi/kalibr_workspace/src/Kalibr/aslam_optimizer/sparse_block_matrix/include/sparse_block_matrix/sparse_helper.h:112:41:[m[K [01;36m[Knote: [m[K...this statement, but the latter is misleadingly indented as if it were guarded by the ‘[01m[Kif[m[K’
             if(i) delete[] (INTTYPE*)i; [01;36m[Ki[m[K = 0;
                                         [01;36m[K^[m[K
In file included from [01m[K/home/fanzhuzhi/kalibr_workspace/src/Kalibr/aslam_optimizer/sparse_block_matrix/include/sparse_block_matrix/sparse_block_matrix.h:30:0[m[K,
                 from [01m[K/home/fanzhuzhi/kalibr_workspace/src/Kalibr/aslam_optimizer/aslam_backend/include/aslam/backend/ErrorTerm.hpp:4[m[K,
                 from [01m[K/home/fanzhuzhi/kalibr_workspace/src/Kalibr/aslam_optimizer/aslam_backend/include/aslam/backend/JacobianBuilder.hpp:5[m[K,
                 from [01m[K/home/fanzhuzhi/kalibr_workspace/src/Kalibr/aslam_optimizer/aslam_backend/include/aslam/backend/CompressedColumnJacobianTransposeBuilder.hpp:4[m[K,
                 from [01m[K/home/fanzhuzhi/kalibr_workspace/src/Kalibr/aslam_optimizer/aslam_backend/include/aslam/backend/SparseQrLinearSystemSolver.hpp:5[m[K,
                 from [01m[K/home/fanzhuzhi/kalibr_workspace/src/Kalibr/aslam_optimizer/aslam_backend/src/SparseQrLinearSystemSolver.cpp:1[m[K:
[01m[K/home/fanzhuzhi/kalibr_workspace/src/Kalibr/aslam_optimizer/sparse_block_matrix/include/sparse_block_matrix/sparse_helper.h:[m[K In destructor ‘[01m[Ksparse_block_matrix::CholmodExt<INTTYPE>::~CholmodExt()[m[K’:
[01m[K/home/fanzhuzhi/kalibr_workspace/src/Kalibr/aslam_optimizer/sparse_block_matrix/include/sparse_block_matrix/sparse_helper.h:110:13:[m[K [01;35m[Kwarning: [m[Kthis ‘[01m[Kif[m[K’ clause does not guard... [[01;35m[K-Wmisleading-indentation[m[K]
             [01;35m[Kif[m[K(p) delete[] (INTTYPE*)p; p = 0;
             [01;35m[K^~[m[K
[01m[K/home/fanzhuzhi/kalibr_workspace/src/Kalibr/aslam_optimizer/sparse_block_matrix/include/sparse_block_matrix/sparse_helper.h:110:41:[m[K [01;36m[Knote: [m[K...this statement, but the latter is misleadingly indented as if it were guarded by the ‘[01m[Kif[m[K’
             if(p) delete[] (INTTYPE*)p; [01;36m[Kp[m[K = 0;
                                         [01;36m[K^[m[K
[01m[K/home/fanzhuzhi/kalibr_workspace/src/Kalibr/aslam_optimizer/sparse_block_matrix/include/sparse_block_matrix/sparse_helper.h:111:13:[m[K [01;35m[Kwarning: [m[Kthis ‘[01m[Kif[m[K’ clause does not guard... [[01;35m[K-Wmisleading-indentation[m[K]
             [01;35m[Kif[m[K(x) delete[] (double*)x; x = 0;
             [01;35m[K^~[m[K
[01m[K/home/fanzhuzhi/kalibr_workspace/src/Kalibr/aslam_optimizer/sparse_block_matrix/include/sparse_block_matrix/sparse_helper.h:111:40:[m[K [01;36m[Knote: [m[K...this statement, but the latter is misleadingly indented as if it were guarded by the ‘[01m[Kif[m[K’
             if(x) delete[] (double*)x; [01;36m[Kx[m[K = 0;
                                        [01;36m[K^[m[K
[01m[K/home/fanzhuzhi/kalibr_workspace/src/Kalibr/aslam_optimizer/sparse_block_matrix/include/sparse_block_matrix/sparse_helper.h:112:13:[m[K [01;35m[Kwarning: [m[Kthis ‘[01m[Kif[m[K’ clause does not guard... [[01;35m[K-Wmisleading-indentation[m[K]
             [01;35m[Kif[m[K(i) delete[] (INTTYPE*)i; i = 0;
             [01;35m[K^~[m[K
[01m[K/home/fanzhuzhi/kalibr_workspace/src/Kalibr/aslam_optimizer/sparse_block_matrix/include/sparse_block_matrix/sparse_helper.h:112:41:[m[K [01;36m[Knote: [m[K...this statement, but the latter is misleadingly indented as if it were guarded by the ‘[01m[Kif[m[K’
             if(i) delete[] (INTTYPE*)i; [01;36m[Ki[m[K = 0;
                                         [01;36m[K^[m[K
In file included from [01m[K/home/fanzhuzhi/kalibr_workspace/src/Kalibr/aslam_optimizer/sparse_block_matrix/include/sparse_block_matrix/sparse_block_matrix.h:30:0[m[K,
                 from [01m[K/home/fanzhuzhi/kalibr_workspace/src/Kalibr/aslam_optimizer/aslam_backend/include/aslam/backend/SparseBlockMatrixWrapper.hpp:5[m[K,
                 from [01m[K/home/fanzhuzhi/kalibr_workspace/src/Kalibr/aslam_optimizer/aslam_backend/src/SparseBlockMatrixWrapper.cpp:1[m[K:
[01m[K/home/fanzhuzhi/kalibr_workspace/src/Kalibr/aslam_optimizer/sparse_block_matrix/include/sparse_block_matrix/sparse_helper.h:[m[K In destructor ‘[01m[Ksparse_block_matrix::CholmodExt<INTTYPE>::~CholmodExt()[m[K’:
[01m[K/home/fanzhuzhi/kalibr_workspace/src/Kalibr/aslam_optimizer/sparse_block_matrix/include/sparse_block_matrix/sparse_helper.h:110:13:[m[K [01;35m[Kwarning: [m[Kthis ‘[01m[Kif[m[K’ clause does not guard... [[01;35m[K-Wmisleading-indentation[m[K]
             [01;35m[Kif[m[K(p) delete[] (INTTYPE*)p; p = 0;
             [01;35m[K^~[m[K
[01m[K/home/fanzhuzhi/kalibr_workspace/src/Kalibr/aslam_optimizer/sparse_block_matrix/include/sparse_block_matrix/sparse_helper.h:110:41:[m[K [01;36m[Knote: [m[K...this statement, but the latter is misleadingly indented as if it were guarded by the ‘[01m[Kif[m[K’
             if(p) delete[] (INTTYPE*)p; [01;36m[Kp[m[K = 0;
                                         [01;36m[K^[m[K
[01m[K/home/fanzhuzhi/kalibr_workspace/src/Kalibr/aslam_optimizer/sparse_block_matrix/include/sparse_block_matrix/sparse_helper.h:111:13:[m[K [01;35m[Kwarning: [m[Kthis ‘[01m[Kif[m[K’ clause does not guard... [[01;35m[K-Wmisleading-indentation[m[K]
             [01;35m[Kif[m[K(x) delete[] (double*)x; x = 0;
             [01;35m[K^~[m[K
[01m[K/home/fanzhuzhi/kalibr_workspace/src/Kalibr/aslam_optimizer/sparse_block_matrix/include/sparse_block_matrix/sparse_helper.h:111:40:[m[K [01;36m[Knote: [m[K...this statement, but the latter is misleadingly indented as if it were guarded by the ‘[01m[Kif[m[K’
             if(x) delete[] (double*)x; [01;36m[Kx[m[K = 0;
                                        [01;36m[K^[m[K
[01m[K/home/fanzhuzhi/kalibr_workspace/src/Kalibr/aslam_optimizer/sparse_block_matrix/include/sparse_block_matrix/sparse_helper.h:112:13:[m[K [01;35m[Kwarning: [m[Kthis ‘[01m[Kif[m[K’ clause does not guard... [[01;35m[K-Wmisleading-indentation[m[K]
             [01;35m[Kif[m[K(i) delete[] (INTTYPE*)i; i = 0;
             [01;35m[K^~[m[K
[01m[K/home/fanzhuzhi/kalibr_workspace/src/Kalibr/aslam_optimizer/sparse_block_matrix/include/sparse_block_matrix/sparse_helper.h:112:41:[m[K [01;36m[Knote: [m[K...this statement, but the latter is misleadingly indented as if it were guarded by the ‘[01m[Kif[m[K’
             if(i) delete[] (INTTYPE*)i; [01;36m[Ki[m[K = 0;
                                         [01;36m[K^[m[K
In file included from [01m[K/home/fanzhuzhi/kalibr_workspace/src/Kalibr/aslam_optimizer/sparse_block_matrix/include/sparse_block_matrix/sparse_block_matrix.h:30:0[m[K,
                 from [01m[K/home/fanzhuzhi/kalibr_workspace/src/Kalibr/aslam_optimizer/aslam_backend/include/aslam/backend/ErrorTerm.hpp:4[m[K,
                 from [01m[K/home/fanzhuzhi/kalibr_workspace/src/Kalibr/aslam_optimizer/aslam_backend/src/DenseQrLinearSystemSolver.cpp:2[m[K:
[01m[K/home/fanzhuzhi/kalibr_workspace/src/Kalibr/aslam_optimizer/sparse_block_matrix/include/sparse_block_matrix/sparse_helper.h:[m[K In destructor ‘[01m[Ksparse_block_matrix::CholmodExt<INTTYPE>::~CholmodExt()[m[K’:
[01m[K/home/fanzhuzhi/kalibr_workspace/src/Kalibr/aslam_optimizer/sparse_block_matrix/include/sparse_block_matrix/sparse_helper.h:110:13:[m[K [01;35m[Kwarning: [m[Kthis ‘[01m[Kif[m[K’ clause does not guard... [[01;35m[K-Wmisleading-indentation[m[K]
             [01;35m[Kif[m[K(p) delete[] (INTTYPE*)p; p = 0;
             [01;35m[K^~[m[K
[01m[K/home/fanzhuzhi/kalibr_workspace/src/Kalibr/aslam_optimizer/sparse_block_matrix/include/sparse_block_matrix/sparse_helper.h:110:41:[m[K [01;36m[Knote: [m[K...this statement, but the latter is misleadingly indented as if it were guarded by the ‘[01m[Kif[m[K’
             if(p) delete[] (INTTYPE*)p; [01;36m[Kp[m[K = 0;
                                         [01;36m[K^[m[K
[01m[K/home/fanzhuzhi/kalibr_workspace/src/Kalibr/aslam_optimizer/sparse_block_matrix/include/sparse_block_matrix/sparse_helper.h:111:13:[m[K [01;35m[Kwarning: [m[Kthis ‘[01m[Kif[m[K’ clause does not guard... [[01;35m[K-Wmisleading-indentation[m[K]
             [01;35m[Kif[m[K(x) delete[] (double*)x; x = 0;
             [01;35m[K^~[m[K
[01m[K/home/fanzhuzhi/kalibr_workspace/src/Kalibr/aslam_optimizer/sparse_block_matrix/include/sparse_block_matrix/sparse_helper.h:111:40:[m[K [01;36m[Knote: [m[K...this statement, but the latter is misleadingly indented as if it were guarded by the ‘[01m[Kif[m[K’
             if(x) delete[] (double*)x; [01;36m[Kx[m[K = 0;
                                        [01;36m[K^[m[K
[01m[K/home/fanzhuzhi/kalibr_workspace/src/Kalibr/aslam_optimizer/sparse_block_matrix/include/sparse_block_matrix/sparse_helper.h:112:13:[m[K [01;35m[Kwarning: [m[Kthis ‘[01m[Kif[m[K’ clause does not guard... [[01;35m[K-Wmisleading-indentation[m[K]
             [01;35m[Kif[m[K(i) delete[] (INTTYPE*)i; i = 0;
             [01;35m[K^~[m[K
[01m[K/home/fanzhuzhi/kalibr_workspace/src/Kalibr/aslam_optimizer/sparse_block_matrix/include/sparse_block_matrix/sparse_helper.h:112:41:[m[K [01;36m[Knote: [m[K...this statement, but the latter is misleadingly indented as if it were guarded by the ‘[01m[Kif[m[K’
             if(i) delete[] (INTTYPE*)i; [01;36m[Ki[m[K = 0;
                                         [01;36m[K^[m[K
In file included from [01m[K/home/fanzhuzhi/kalibr_workspace/src/Kalibr/aslam_optimizer/sparse_block_matrix/include/sparse_block_matrix/sparse_block_matrix.h:30:0[m[K,
                 from [01m[K/home/fanzhuzhi/kalibr_workspace/src/Kalibr/aslam_optimizer/aslam_backend/include/aslam/backend/ErrorTermDs.hpp:4[m[K,
                 from [01m[K/home/fanzhuzhi/kalibr_workspace/src/Kalibr/aslam_optimizer/aslam_backend/src/ErrorTermDs.cpp:3[m[K:
[01m[K/home/fanzhuzhi/kalibr_workspace/src/Kalibr/aslam_optimizer/sparse_block_matrix/include/sparse_block_matrix/sparse_helper.h:[m[K In destructor ‘[01m[Ksparse_block_matrix::CholmodExt<INTTYPE>::~CholmodExt()[m[K’:
[01m[K/home/fanzhuzhi/kalibr_workspace/src/Kalibr/aslam_optimizer/sparse_block_matrix/include/sparse_block_matrix/sparse_helper.h:110:13:[m[K [01;35m[Kwarning: [m[Kthis ‘[01m[Kif[m[K’ clause does not guard... [[01;35m[K-Wmisleading-indentation[m[K]
             [01;35m[Kif[m[K(p) delete[] (INTTYPE*)p; p = 0;
             [01;35m[K^~[m[K
[01m[K/home/fanzhuzhi/kalibr_workspace/src/Kalibr/aslam_optimizer/sparse_block_matrix/include/sparse_block_matrix/sparse_helper.h:110:41:[m[K [01;36m[Knote: [m[K...this statement, but the latter is misleadingly indented as if it were guarded by the ‘[01m[Kif[m[K’
             if(p) delete[] (INTTYPE*)p; [01;36m[Kp[m[K = 0;
                                         [01;36m[K^[m[K
[01m[K/home/fanzhuzhi/kalibr_workspace/src/Kalibr/aslam_optimizer/sparse_block_matrix/include/sparse_block_matrix/sparse_helper.h:111:13:[m[K [01;35m[Kwarning: [m[Kthis ‘[01m[Kif[m[K’ clause does not guard... [[01;35m[K-Wmisleading-indentation[m[K]
             [01;35m[Kif[m[K(x) delete[] (double*)x; x = 0;
             [01;35m[K^~[m[K
[01m[K/home/fanzhuzhi/kalibr_workspace/src/Kalibr/aslam_optimizer/sparse_block_matrix/include/sparse_block_matrix/sparse_helper.h:111:40:[m[K [01;36m[Knote: [m[K...this statement, but the latter is misleadingly indented as if it were guarded by the ‘[01m[Kif[m[K’
             if(x) delete[] (double*)x; [01;36m[Kx[m[K = 0;
                                        [01;36m[K^[m[K
[01m[K/home/fanzhuzhi/kalibr_workspace/src/Kalibr/aslam_optimizer/sparse_block_matrix/include/sparse_block_matrix/sparse_helper.h:112:13:[m[K [01;35m[Kwarning: [m[Kthis ‘[01m[Kif[m[K’ clause does not guard... [[01;35m[K-Wmisleading-indentation[m[K]
             [01;35m[Kif[m[K(i) delete[] (INTTYPE*)i; i = 0;
             [01;35m[K^~[m[K
[01m[K/home/fanzhuzhi/kalibr_workspace/src/Kalibr/aslam_optimizer/sparse_block_matrix/include/sparse_block_matrix/sparse_helper.h:112:41:[m[K [01;36m[Knote: [m[K...this statement, but the latter is misleadingly indented as if it were guarded by the ‘[01m[Kif[m[K’
             if(i) delete[] (INTTYPE*)i; [01;36m[Ki[m[K = 0;
                                         [01;36m[K^[m[K
In file included from [01m[K/home/fanzhuzhi/kalibr_workspace/src/Kalibr/aslam_optimizer/sparse_block_matrix/include/sparse_block_matrix/sparse_block_matrix.h:30:0[m[K,
                 from [01m[K/home/fanzhuzhi/kalibr_workspace/src/Kalibr/aslam_optimizer/aslam_backend/include/aslam/backend/ErrorTermDs.hpp:4[m[K,
                 from [01m[K/home/fanzhuzhi/kalibr_workspace/src/Kalibr/aslam_optimizer/aslam_backend/include/aslam/backend/MarginalizationPriorErrorTerm.hpp:11[m[K,
                 from [01m[K/home/fanzhuzhi/kalibr_workspace/src/Kalibr/aslam_optimizer/aslam_backend/include/aslam/backend/Marginalizer.hpp:12[m[K,
                 from [01m[K/home/fanzhuzhi/kalibr_workspace/src/Kalibr/aslam_optimizer/aslam_backend/src/Marginalizer.cpp:8[m[K:
[01m[K/home/fanzhuzhi/kalibr_workspace/src/Kalibr/aslam_optimizer/sparse_block_matrix/include/sparse_block_matrix/sparse_helper.h:[m[K In destructor ‘[01m[Ksparse_block_matrix::CholmodExt<INTTYPE>::~CholmodExt()[m[K’:
[01m[K/home/fanzhuzhi/kalibr_workspace/src/Kalibr/aslam_optimizer/sparse_block_matrix/include/sparse_block_matrix/sparse_helper.h:110:13:[m[K [01;35m[Kwarning: [m[Kthis ‘[01m[Kif[m[K’ clause does not guard... [[01;35m[K-Wmisleading-indentation[m[K]
             [01;35m[Kif[m[K(p) delete[] (INTTYPE*)p; p = 0;
             [01;35m[K^~[m[K
[01m[K/home/fanzhuzhi/kalibr_workspace/src/Kalibr/aslam_optimizer/sparse_block_matrix/include/sparse_block_matrix/sparse_helper.h:110:41:[m[K [01;36m[Knote: [m[K...this statement, but the latter is misleadingly indented as if it were guarded by the ‘[01m[Kif[m[K’
             if(p) delete[] (INTTYPE*)p; [01;36m[Kp[m[K = 0;
                                         [01;36m[K^[m[K
[01m[K/home/fanzhuzhi/kalibr_workspace/src/Kalibr/aslam_optimizer/sparse_block_matrix/include/sparse_block_matrix/sparse_helper.h:111:13:[m[K [01;35m[Kwarning: [m[Kthis ‘[01m[Kif[m[K’ clause does not guard... [[01;35m[K-Wmisleading-indentation[m[K]
             [01;35m[Kif[m[K(x) delete[] (double*)x; x = 0;
             [01;35m[K^~[m[K
[01m[K/home/fanzhuzhi/kalibr_workspace/src/Kalibr/aslam_optimizer/sparse_block_matrix/include/sparse_block_matrix/sparse_helper.h:111:40:[m[K [01;36m[Knote: [m[K...this statement, but the latter is misleadingly indented as if it were guarded by the ‘[01m[Kif[m[K’
             if(x) delete[] (double*)x; [01;36m[Kx[m[K = 0;
                                        [01;36m[K^[m[K
[01m[K/home/fanzhuzhi/kalibr_workspace/src/Kalibr/aslam_optimizer/sparse_block_matrix/include/sparse_block_matrix/sparse_helper.h:112:13:[m[K [01;35m[Kwarning: [m[Kthis ‘[01m[Kif[m[K’ clause does not guard... [[01;35m[K-Wmisleading-indentation[m[K]
             [01;35m[Kif[m[K(i) delete[] (INTTYPE*)i; i = 0;
             [01;35m[K^~[m[K
[01m[K/home/fanzhuzhi/kalibr_workspace/src/Kalibr/aslam_optimizer/sparse_block_matrix/include/sparse_block_matrix/sparse_helper.h:112:41:[m[K [01;36m[Knote: [m[K...this statement, but the latter is misleadingly indented as if it were guarded by the ‘[01m[Kif[m[K’
             if(i) delete[] (INTTYPE*)i; [01;36m[Ki[m[K = 0;
                                         [01;36m[K^[m[K
In file included from [01m[K/home/fanzhuzhi/kalibr_workspace/src/Kalibr/aslam_optimizer/sparse_block_matrix/include/sparse_block_matrix/sparse_block_matrix.h:30:0[m[K,
                 from [01m[K/home/fanzhuzhi/kalibr_workspace/src/Kalibr/aslam_optimizer/aslam_backend/include/aslam/backend/ErrorTermDs.hpp:4[m[K,
                 from [01m[K/home/fanzhuzhi/kalibr_workspace/src/Kalibr/aslam_optimizer/aslam_backend/include/aslam/backend/MarginalizationPriorErrorTerm.hpp:11[m[K,
                 from [01m[K/home/fanzhuzhi/kalibr_workspace/src/Kalibr/aslam_optimizer/aslam_backend/src/MarginalizationPriorErrorTerm.cpp:8[m[K:
[01m[K/home/fanzhuzhi/kalibr_workspace/src/Kalibr/aslam_optimizer/sparse_block_matrix/include/sparse_block_matrix/sparse_helper.h:[m[K In destructor ‘[01m[Ksparse_block_matrix::CholmodExt<INTTYPE>::~CholmodExt()[m[K’:
[01m[K/home/fanzhuzhi/kalibr_workspace/src/Kalibr/aslam_optimizer/sparse_block_matrix/include/sparse_block_matrix/sparse_helper.h:110:13:[m[K [01;35m[Kwarning: [m[Kthis ‘[01m[Kif[m[K’ clause does not guard... [[01;35m[K-Wmisleading-indentation[m[K]
             [01;35m[Kif[m[K(p) delete[] (INTTYPE*)p; p = 0;
             [01;35m[K^~[m[K
[01m[K/home/fanzhuzhi/kalibr_workspace/src/Kalibr/aslam_optimizer/sparse_block_matrix/include/sparse_block_matrix/sparse_helper.h:110:41:[m[K [01;36m[Knote: [m[K...this statement, but the latter is misleadingly indented as if it were guarded by the ‘[01m[Kif[m[K’
             if(p) delete[] (INTTYPE*)p; [01;36m[Kp[m[K = 0;
                                         [01;36m[K^[m[K
[01m[K/home/fanzhuzhi/kalibr_workspace/src/Kalibr/aslam_optimizer/sparse_block_matrix/include/sparse_block_matrix/sparse_helper.h:111:13:[m[K [01;35m[Kwarning: [m[Kthis ‘[01m[Kif[m[K’ clause does not guard... [[01;35m[K-Wmisleading-indentation[m[K]
             [01;35m[Kif[m[K(x) delete[] (double*)x; x = 0;
             [01;35m[K^~[m[K
[01m[K/home/fanzhuzhi/kalibr_workspace/src/Kalibr/aslam_optimizer/sparse_block_matrix/include/sparse_block_matrix/sparse_helper.h:111:40:[m[K [01;36m[Knote: [m[K...this statement, but the latter is misleadingly indented as if it were guarded by the ‘[01m[Kif[m[K’
             if(x) delete[] (double*)x; [01;36m[Kx[m[K = 0;
                                        [01;36m[K^[m[K
[01m[K/home/fanzhuzhi/kalibr_workspace/src/Kalibr/aslam_optimizer/sparse_block_matrix/include/sparse_block_matrix/sparse_helper.h:112:13:[m[K [01;35m[Kwarning: [m[Kthis ‘[01m[Kif[m[K’ clause does not guard... [[01;35m[K-Wmisleading-indentation[m[K]
             [01;35m[Kif[m[K(i) delete[] (INTTYPE*)i; i = 0;
             [01;35m[K^~[m[K
[01m[K/home/fanzhuzhi/kalibr_workspace/src/Kalibr/aslam_optimizer/sparse_block_matrix/include/sparse_block_matrix/sparse_helper.h:112:41:[m[K [01;36m[Knote: [m[K...this statement, but the latter is misleadingly indented as if it were guarded by the ‘[01m[Kif[m[K’
             if(i) delete[] (INTTYPE*)i; [01;36m[Ki[m[K = 0;
                                         [01;36m[K^[m[K
In file included from [01m[K/home/fanzhuzhi/kalibr_workspace/src/Kalibr/aslam_optimizer/aslam_backend/include/aslam/Exceptions.hpp:4:0[m[K,
                 from [01m[K/home/fanzhuzhi/kalibr_workspace/src/Kalibr/aslam_optimizer/aslam_backend/include/aslam/backend/DesignVariable.hpp:10[m[K,
                 from [01m[K/home/fanzhuzhi/kalibr_workspace/src/Kalibr/aslam_optimizer/aslam_backend/include/aslam/backend/Marginalizer.hpp:11[m[K,
                 from [01m[K/home/fanzhuzhi/kalibr_workspace/src/Kalibr/aslam_optimizer/aslam_backend/src/Marginalizer.cpp:8[m[K:
[01m[K/home/fanzhuzhi/kalibr_workspace/src/Kalibr/aslam_optimizer/aslam_backend/src/Marginalizer.cpp:[m[K In function ‘[01m[Kvoid aslam::backend::marginalize(std::vector<aslam::backend::DesignVariable*>&, std::vector<aslam::backend::ErrorTerm*>&, int, bool, boost::shared_ptr<aslam::backend::MarginalizationPriorErrorTerm>&, Eigen::MatrixXd&, std::vector<aslam::backend::DesignVariable*>&, size_t, size_t)[m[K’:
[01m[K/home/fanzhuzhi/kalibr_workspace/src/Kalibr/Schweizer-Messer/sm_common/include/sm/assert_macros.hpp:121:14:[m[K [01;35m[Kwarning: [m[Kcomparison between signed and unsigned integer expressions [[01;35m[K-Wsign-compare[m[K]
   if([01;35m[K(value) < (lowerBound)[m[K)            \
      [01;35m[K~~~~~~~~^~~~~~~~~~~~~~[m[K
[01m[K/home/fanzhuzhi/kalibr_workspace/src/Kalibr/aslam_optimizer/aslam_backend/src/Marginalizer.cpp:166:6:[m[K [01;36m[Knote: [m[Kin expansion of macro ‘[01m[KSM_ASSERT_GE[m[K’
      [01;36m[KS[m[KM_ASSERT_GE(aslam::Exception, R.rows(), numTopRowsInCov, "Cannot extract " << numTopRowsInCov << " rows of R because it only has " << R.rows() << " rows.");
      [01;36m[K^[m[K
[01m[K/home/fanzhuzhi/kalibr_workspace/src/Kalibr/Schweizer-Messer/sm_common/include/sm/assert_macros.hpp:121:14:[m[K [01;35m[Kwarning: [m[Kcomparison between signed and unsigned integer expressions [[01;35m[K-Wsign-compare[m[K]
   if([01;35m[K(value) < (lowerBound)[m[K)            \
      [01;35m[K~~~~~~~~^~~~~~~~~~~~~~[m[K
[01m[K/home/fanzhuzhi/kalibr_workspace/src/Kalibr/aslam_optimizer/aslam_backend/src/Marginalizer.cpp:167:6:[m[K [01;36m[Knote: [m[Kin expansion of macro ‘[01m[KSM_ASSERT_GE[m[K’
      [01;36m[KS[m[KM_ASSERT_GE(aslam::Exception, R.cols(), numTopRowsInCov, "Cannot extract " << numTopRowsInCov << " cols of R because it only has " << R.cols() << " cols.");
      [01;36m[K^[m[K
In file included from [01m[K/home/fanzhuzhi/kalibr_workspace/src/Kalibr/aslam_optimizer/sparse_block_matrix/include/sparse_block_matrix/sparse_block_matrix.h:30:0[m[K,
                 from [01m[K/home/fanzhuzhi/kalibr_workspace/src/Kalibr/aslam_optimizer/aslam_backend/include/aslam/backend/backend.hpp:7[m[K,
                 from [01m[K/home/fanzhuzhi/kalibr_workspace/src/Kalibr/aslam_optimizer/aslam_backend/include/aslam/backend/Optimizer2.hpp:10[m[K,
                 from [01m[K/home/fanzhuzhi/kalibr_workspace/src/Kalibr/aslam_optimizer/aslam_backend/src/Optimizer2.cpp:1[m[K:
[01m[K/home/fanzhuzhi/kalibr_workspace/src/Kalibr/aslam_optimizer/sparse_block_matrix/include/sparse_block_matrix/sparse_helper.h:[m[K In destructor ‘[01m[Ksparse_block_matrix::CholmodExt<INTTYPE>::~CholmodExt()[m[K’:
[01m[K/home/fanzhuzhi/kalibr_workspace/src/Kalibr/aslam_optimizer/sparse_block_matrix/include/sparse_block_matrix/sparse_helper.h:110:13:[m[K [01;35m[Kwarning: [m[Kthis ‘[01m[Kif[m[K’ clause does not guard... [[01;35m[K-Wmisleading-indentation[m[K]
             [01;35m[Kif[m[K(p) delete[] (INTTYPE*)p; p = 0;
             [01;35m[K^~[m[K
[01m[K/home/fanzhuzhi/kalibr_workspace/src/Kalibr/aslam_optimizer/sparse_block_matrix/include/sparse_block_matrix/sparse_helper.h:110:41:[m[K [01;36m[Knote: [m[K...this statement, but the latter is misleadingly indented as if it were guarded by the ‘[01m[Kif[m[K’
             if(p) delete[] (INTTYPE*)p; [01;36m[Kp[m[K = 0;
                                         [01;36m[K^[m[K
[01m[K/home/fanzhuzhi/kalibr_workspace/src/Kalibr/aslam_optimizer/sparse_block_matrix/include/sparse_block_matrix/sparse_helper.h:111:13:[m[K [01;35m[Kwarning: [m[Kthis ‘[01m[Kif[m[K’ clause does not guard... [[01;35m[K-Wmisleading-indentation[m[K]
             [01;35m[Kif[m[K(x) delete[] (double*)x; x = 0;
             [01;35m[K^~[m[K
[01m[K/home/fanzhuzhi/kalibr_workspace/src/Kalibr/aslam_optimizer/sparse_block_matrix/include/sparse_block_matrix/sparse_helper.h:111:40:[m[K [01;36m[Knote: [m[K...this statement, but the latter is misleadingly indented as if it were guarded by the ‘[01m[Kif[m[K’
             if(x) delete[] (double*)x; [01;36m[Kx[m[K = 0;
                                        [01;36m[K^[m[K
[01m[K/home/fanzhuzhi/kalibr_workspace/src/Kalibr/aslam_optimizer/sparse_block_matrix/include/sparse_block_matrix/sparse_helper.h:112:13:[m[K [01;35m[Kwarning: [m[Kthis ‘[01m[Kif[m[K’ clause does not guard... [[01;35m[K-Wmisleading-indentation[m[K]
             [01;35m[Kif[m[K(i) delete[] (INTTYPE*)i; i = 0;
             [01;35m[K^~[m[K
[01m[K/home/fanzhuzhi/kalibr_workspace/src/Kalibr/aslam_optimizer/sparse_block_matrix/include/sparse_block_matrix/sparse_helper.h:112:41:[m[K [01;36m[Knote: [m[K...this statement, but the latter is misleadingly indented as if it were guarded by the ‘[01m[Kif[m[K’
             if(i) delete[] (INTTYPE*)i; [01;36m[Ki[m[K = 0;
                                         [01;36m[K^[m[K
