Determining if the pthread_create exist failed with the following output:
Change Dir: /home/fanzhuzhi/kalibr_workspace/build/aslam_backend_python/CMakeFiles/CMakeTmp

Run Build Command:"/usr/bin/make" "cmTC_c4dfd/fast"
/usr/bin/make -f CMakeFiles/cmTC_c4dfd.dir/build.make CMakeFiles/cmTC_c4dfd.dir/build
make[1] : on entre dans le répertoire « /home/fanzhuzhi/kalibr_workspace/build/aslam_backend_python/CMakeFiles/CMakeTmp »
Building C object CMakeFiles/cmTC_c4dfd.dir/CheckSymbolExists.c.o
/usr/bin/cc    -o CMakeFiles/cmTC_c4dfd.dir/CheckSymbolExists.c.o   -c /home/fanzhuzhi/kalibr_workspace/build/aslam_backend_python/CMakeFiles/CMakeTmp/CheckSymbolExists.c
Linking C executable cmTC_c4dfd
/usr/bin/cmake -E cmake_link_script CMakeFiles/cmTC_c4dfd.dir/link.txt --verbose=1
/usr/bin/cc      -rdynamic CMakeFiles/cmTC_c4dfd.dir/CheckSymbolExists.c.o  -o cmTC_c4dfd 
CMakeFiles/cmTC_c4dfd.dir/CheckSymbolExists.c.o : Dans la fonction « main » :
CheckSymbolExists.c:(.text+0x1b) : référence indéfinie vers « pthread_create »
collect2: error: ld returned 1 exit status
CMakeFiles/cmTC_c4dfd.dir/build.make:97: recipe for target 'cmTC_c4dfd' failed
make[1]: *** [cmTC_c4dfd] Error 1
make[1] : on quitte le répertoire « /home/fanzhuzhi/kalibr_workspace/build/aslam_backend_python/CMakeFiles/CMakeTmp »
Makefile:126: recipe for target 'cmTC_c4dfd/fast' failed
make: *** [cmTC_c4dfd/fast] Error 2

File /home/fanzhuzhi/kalibr_workspace/build/aslam_backend_python/CMakeFiles/CMakeTmp/CheckSymbolExists.c:
/* */
#include <pthread.h>

int main(int argc, char** argv)
{
  (void)argv;
#ifndef pthread_create
  return ((int*)(&pthread_create))[argc];
#else
  (void)argc;
  return 0;
#endif
}

Determining if the function pthread_create exists in the pthreads failed with the following output:
Change Dir: /home/fanzhuzhi/kalibr_workspace/build/aslam_backend_python/CMakeFiles/CMakeTmp

Run Build Command:"/usr/bin/make" "cmTC_64f1f/fast"
/usr/bin/make -f CMakeFiles/cmTC_64f1f.dir/build.make CMakeFiles/cmTC_64f1f.dir/build
make[1] : on entre dans le répertoire « /home/fanzhuzhi/kalibr_workspace/build/aslam_backend_python/CMakeFiles/CMakeTmp »
Building C object CMakeFiles/cmTC_64f1f.dir/CheckFunctionExists.c.o
/usr/bin/cc   -DCHECK_FUNCTION_EXISTS=pthread_create   -o CMakeFiles/cmTC_64f1f.dir/CheckFunctionExists.c.o   -c /usr/share/cmake-3.10/Modules/CheckFunctionExists.c
Linking C executable cmTC_64f1f
/usr/bin/cmake -E cmake_link_script CMakeFiles/cmTC_64f1f.dir/link.txt --verbose=1
/usr/bin/cc  -DCHECK_FUNCTION_EXISTS=pthread_create    -rdynamic CMakeFiles/cmTC_64f1f.dir/CheckFunctionExists.c.o  -o cmTC_64f1f -lpthreads 
/usr/bin/ld : ne peut trouver -lpthreads
collect2: error: ld returned 1 exit status
CMakeFiles/cmTC_64f1f.dir/build.make:97: recipe for target 'cmTC_64f1f' failed
make[1]: *** [cmTC_64f1f] Error 1
make[1] : on quitte le répertoire « /home/fanzhuzhi/kalibr_workspace/build/aslam_backend_python/CMakeFiles/CMakeTmp »
Makefile:126: recipe for target 'cmTC_64f1f/fast' failed
make: *** [cmTC_64f1f/fast] Error 2


