Determining if the pthread_create exist failed with the following output:
Change Dir: /home/fanzhuzhi/kalibr_workspace/build/sm_kinematics/CMakeFiles/CMakeTmp

Run Build Command:"/usr/bin/make" "cmTC_5d29b/fast"
/usr/bin/make -f CMakeFiles/cmTC_5d29b.dir/build.make CMakeFiles/cmTC_5d29b.dir/build
make[1] : on entre dans le répertoire « /home/fanzhuzhi/kalibr_workspace/build/sm_kinematics/CMakeFiles/CMakeTmp »
Building C object CMakeFiles/cmTC_5d29b.dir/CheckSymbolExists.c.o
/usr/bin/cc    -o CMakeFiles/cmTC_5d29b.dir/CheckSymbolExists.c.o   -c /home/fanzhuzhi/kalibr_workspace/build/sm_kinematics/CMakeFiles/CMakeTmp/CheckSymbolExists.c
Linking C executable cmTC_5d29b
/usr/bin/cmake -E cmake_link_script CMakeFiles/cmTC_5d29b.dir/link.txt --verbose=1
/usr/bin/cc      -rdynamic CMakeFiles/cmTC_5d29b.dir/CheckSymbolExists.c.o  -o cmTC_5d29b 
CMakeFiles/cmTC_5d29b.dir/CheckSymbolExists.c.o : Dans la fonction « main » :
CheckSymbolExists.c:(.text+0x1b) : référence indéfinie vers « pthread_create »
collect2: error: ld returned 1 exit status
CMakeFiles/cmTC_5d29b.dir/build.make:97: recipe for target 'cmTC_5d29b' failed
make[1]: *** [cmTC_5d29b] Error 1
make[1] : on quitte le répertoire « /home/fanzhuzhi/kalibr_workspace/build/sm_kinematics/CMakeFiles/CMakeTmp »
Makefile:126: recipe for target 'cmTC_5d29b/fast' failed
make: *** [cmTC_5d29b/fast] Error 2

File /home/fanzhuzhi/kalibr_workspace/build/sm_kinematics/CMakeFiles/CMakeTmp/CheckSymbolExists.c:
/* */
#include <pthread.h>

int main(int argc, char** argv)
{
  (void)argv;
#ifndef pthread_create
  return ((int*)(&pthread_create))[argc];
#else
  (void)argc;
  return 0;
#endif
}

Determining if the function pthread_create exists in the pthreads failed with the following output:
Change Dir: /home/fanzhuzhi/kalibr_workspace/build/sm_kinematics/CMakeFiles/CMakeTmp

Run Build Command:"/usr/bin/make" "cmTC_cb817/fast"
/usr/bin/make -f CMakeFiles/cmTC_cb817.dir/build.make CMakeFiles/cmTC_cb817.dir/build
make[1] : on entre dans le répertoire « /home/fanzhuzhi/kalibr_workspace/build/sm_kinematics/CMakeFiles/CMakeTmp »
Building C object CMakeFiles/cmTC_cb817.dir/CheckFunctionExists.c.o
/usr/bin/cc   -DCHECK_FUNCTION_EXISTS=pthread_create   -o CMakeFiles/cmTC_cb817.dir/CheckFunctionExists.c.o   -c /usr/share/cmake-3.10/Modules/CheckFunctionExists.c
Linking C executable cmTC_cb817
/usr/bin/cmake -E cmake_link_script CMakeFiles/cmTC_cb817.dir/link.txt --verbose=1
/usr/bin/cc  -DCHECK_FUNCTION_EXISTS=pthread_create    -rdynamic CMakeFiles/cmTC_cb817.dir/CheckFunctionExists.c.o  -o cmTC_cb817 -lpthreads 
/usr/bin/ld : ne peut trouver -lpthreads
collect2: error: ld returned 1 exit status
CMakeFiles/cmTC_cb817.dir/build.make:97: recipe for target 'cmTC_cb817' failed
make[1]: *** [cmTC_cb817] Error 1
make[1] : on quitte le répertoire « /home/fanzhuzhi/kalibr_workspace/build/sm_kinematics/CMakeFiles/CMakeTmp »
Makefile:126: recipe for target 'cmTC_cb817/fast' failed
make: *** [cmTC_cb817/fast] Error 2


