[36m--[0m Using CATKIN_DEVEL_PREFIX: /home/fanzhuzhi/kalibr_workspace/devel
[36m--[0m Using CMAKE_PREFIX_PATH: /home/fanzhuzhi/kalibr_workspace/devel;/opt/ros/melodic
[36m--[0m This workspace overlays: /home/fanzhuzhi/kalibr_workspace/devel;/opt/ros/melodic
[36m--[0m Found PythonInterp: /usr/bin/python2 (found suitable version "2.7.15", minimum required is "2")
[36m--[0m Using PYTHON_EXECUTABLE: /usr/bin/python2
[36m--[0m Using Debian Python package layout
[36m--[0m Using empy: /usr/bin/empy
[36m--[0m Using CATKIN_ENABLE_TESTING: ON
[36m--[0m Call enable_testing()
[36m--[0m Using CATKIN_TEST_RESULTS_DIR: /home/fanzhuzhi/kalibr_workspace/build/numpy_eigen/test_results
[36m--[0m Found gmock sources under '/usr/src/googletest': gmock will be built
[36m--[0m Found PythonInterp: /usr/bin/python2 (found version "2.7.15")
[36m--[0m Found gtest sources under '/usr/src/googletest': gtests will be built
[36m--[0m Using Python nosetests: /usr/bin/nosetests-2.7
[36m--[0m catkin 0.7.17
[36m--[0m BUILD_SHARED_LIBS is on
[36m--[0m Boost version: 1.65.1
[36m--[0m Found the following Boost libraries:
[36m--[0m   system
[33m[1mCMake Warning[0m at /opt/ros/melodic/share/cmake_modules/cmake/Modules/FindEigen.cmake:62 (message):
  The FindEigen.cmake Module in the cmake_modules package is deprecated.

  Please use the FindEigen3.cmake Module provided with Eigen.  Change
  instances of find_package(Eigen) to find_package(Eigen3).  Check the
  FindEigen3.cmake Module for the resulting CMake variable names.

[36mCall Stack (most recent call first):[0m
  CMakeLists.txt:7 (find_package)


[36m--[0m Eigen found (include: /usr/include/eigen3)
[36m--[0m Found PythonLibs: /usr/lib/x86_64-linux-gnu/libpython2.7.so (found suitable version "2.7.15+", minimum required is "2.7")
[36m--[0m Boost version: 1.65.1
[36m--[0m Found the following Boost libraries:
[36m--[0m   python
CMake Warning (dev) at /home/fanzhuzhi/kalibr_workspace/src/Kalibr/Schweizer-Messer/python_module/cmake/add_python_export_library.cmake:131 (get_property):
  Policy CMP0026 is not set: Disallow use of the LOCATION target property.
  Run "cmake --help-policy CMP0026" for policy details.  Use the cmake_policy
  command to set the policy and suppress this warning.

  The LOCATION property should not be read from target "numpy_eigen".  Use
  the target name directly with add_custom_command, or use the generator
  expression $<TARGET_FILE>, as appropriate.

[36mCall Stack (most recent call first):[0m
  CMakeLists.txt:33 (add_python_export_library)
This warning is for project developers.  Use -Wno-dev to suppress it.

[36m--[0m Boost version: 1.65.1
[36m--[0m Found the following Boost libraries:
[36m--[0m   python
CMake Warning (dev) at /home/fanzhuzhi/kalibr_workspace/src/Kalibr/Schweizer-Messer/python_module/cmake/add_python_export_library.cmake:131 (get_property):
  Policy CMP0026 is not set: Disallow use of the LOCATION target property.
  Run "cmake --help-policy CMP0026" for policy details.  Use the cmake_policy
  command to set the policy and suppress this warning.

  The LOCATION property should not be read from target "numpy_eigen_test".
  Use the target name directly with add_custom_command, or use the generator
  expression $<TARGET_FILE>, as appropriate.

[36mCall Stack (most recent call first):[0m
  CMakeLists.txt:41 (add_python_export_library)
This warning is for project developers.  Use -Wno-dev to suppress it.

[36m--[0m Configuring done
[36m--[0m Generating done
[36m--[0m Build files have been written to: /home/fanzhuzhi/kalibr_workspace/build/numpy_eigen
