[35m[1mScanning dependencies of target kalibr_errorterms[0m
[ 16%] [32mBuilding CXX object CMakeFiles/kalibr_errorterms.dir/src/GyroscopeError.cpp.o[0m
[ 33%] [32mBuilding CXX object CMakeFiles/kalibr_errorterms.dir/src/EuclideanError.cpp.o[0m
[ 50%] [32mBuilding CXX object CMakeFiles/kalibr_errorterms.dir/src/AccelerometerError.cpp.o[0m
In file included from [01m[K/home/fanzhuzhi/kalibr_workspace/src/Kalibr/aslam_optimizer/sparse_block_matrix/include/sparse_block_matrix/sparse_block_matrix.h:30:0[m[K,
                 from [01m[K/home/fanzhuzhi/kalibr_workspace/src/Kalibr/aslam_optimizer/aslam_backend/include/aslam/backend/ErrorTerm.hpp:4[m[K,
                 from [01m[K/home/fanzhuzhi/kalibr_workspace/src/Kalibr/aslam_offline_calibration/kalibr/include/kalibr_errorterms/GyroscopeError.hpp:4[m[K,
                 from [01m[K/home/fanzhuzhi/kalibr_workspace/src/Kalibr/aslam_offline_calibration/kalibr/src/GyroscopeError.cpp:1[m[K:
[01m[K/home/fanzhuzhi/kalibr_workspace/src/Kalibr/aslam_optimizer/sparse_block_matrix/include/sparse_block_matrix/sparse_helper.h:[m[K In destructor ‘[01m[Ksparse_block_matrix::CholmodExt<INTTYPE>::~CholmodExt()[m[K’:
[01m[K/home/fanzhuzhi/kalibr_workspace/src/Kalibr/aslam_optimizer/sparse_block_matrix/include/sparse_block_matrix/sparse_helper.h:110:13:[m[K [01;35m[Kwarning: [m[Kthis ‘[01m[Kif[m[K’ clause does not guard... [[01;35m[K-Wmisleading-indentation[m[K]
             [01;35m[Kif[m[K(p) delete[] (INTTYPE*)p; p = 0;
             [01;35m[K^~[m[K
[01m[K/home/fanzhuzhi/kalibr_workspace/src/Kalibr/aslam_optimizer/sparse_block_matrix/include/sparse_block_matrix/sparse_helper.h:110:41:[m[K [01;36m[Knote: [m[K...this statement, but the latter is misleadingly indented as if it were guarded by the ‘[01m[Kif[m[K’
             if(p) delete[] (INTTYPE*)p; [01;36m[Kp[m[K = 0;
                                         [01;36m[K^[m[K
[01m[K/home/fanzhuzhi/kalibr_workspace/src/Kalibr/aslam_optimizer/sparse_block_matrix/include/sparse_block_matrix/sparse_helper.h:111:13:[m[K [01;35m[Kwarning: [m[Kthis ‘[01m[Kif[m[K’ clause does not guard... [[01;35m[K-Wmisleading-indentation[m[K]
             [01;35m[Kif[m[K(x) delete[] (double*)x; x = 0;
             [01;35m[K^~[m[K
[01m[K/home/fanzhuzhi/kalibr_workspace/src/Kalibr/aslam_optimizer/sparse_block_matrix/include/sparse_block_matrix/sparse_helper.h:111:40:[m[K [01;36m[Knote: [m[K...this statement, but the latter is misleadingly indented as if it were guarded by the ‘[01m[Kif[m[K’
             if(x) delete[] (double*)x; [01;36m[Kx[m[K = 0;
                                        [01;36m[K^[m[K
[01m[K/home/fanzhuzhi/kalibr_workspace/src/Kalibr/aslam_optimizer/sparse_block_matrix/include/sparse_block_matrix/sparse_helper.h:112:13:[m[K [01;35m[Kwarning: [m[Kthis ‘[01m[Kif[m[K’ clause does not guard... [[01;35m[K-Wmisleading-indentation[m[K]
             [01;35m[Kif[m[K(i) delete[] (INTTYPE*)i; i = 0;
             [01;35m[K^~[m[K
[01m[K/home/fanzhuzhi/kalibr_workspace/src/Kalibr/aslam_optimizer/sparse_block_matrix/include/sparse_block_matrix/sparse_helper.h:112:41:[m[K [01;36m[Knote: [m[K...this statement, but the latter is misleadingly indented as if it were guarded by the ‘[01m[Kif[m[K’
             if(i) delete[] (INTTYPE*)i; [01;36m[Ki[m[K = 0;
                                         [01;36m[K^[m[K
In file included from [01m[K/home/fanzhuzhi/kalibr_workspace/src/Kalibr/aslam_optimizer/sparse_block_matrix/include/sparse_block_matrix/sparse_block_matrix.h:30:0[m[K,
                 from [01m[K/home/fanzhuzhi/kalibr_workspace/src/Kalibr/aslam_optimizer/aslam_backend/include/aslam/backend/ErrorTerm.hpp:4[m[K,
                 from [01m[K/home/fanzhuzhi/kalibr_workspace/src/Kalibr/aslam_offline_calibration/kalibr/include/kalibr_errorterms/AccelerometerError.hpp:4[m[K,
                 from [01m[K/home/fanzhuzhi/kalibr_workspace/src/Kalibr/aslam_offline_calibration/kalibr/src/AccelerometerError.cpp:1[m[K:
[01m[K/home/fanzhuzhi/kalibr_workspace/src/Kalibr/aslam_optimizer/sparse_block_matrix/include/sparse_block_matrix/sparse_helper.h:[m[K In destructor ‘[01m[Ksparse_block_matrix::CholmodExt<INTTYPE>::~CholmodExt()[m[K’:
[01m[K/home/fanzhuzhi/kalibr_workspace/src/Kalibr/aslam_optimizer/sparse_block_matrix/include/sparse_block_matrix/sparse_helper.h:110:13:[m[K [01;35m[Kwarning: [m[Kthis ‘[01m[Kif[m[K’ clause does not guard... [[01;35m[K-Wmisleading-indentation[m[K]
             [01;35m[Kif[m[K(p) delete[] (INTTYPE*)p; p = 0;
             [01;35m[K^~[m[K
[01m[K/home/fanzhuzhi/kalibr_workspace/src/Kalibr/aslam_optimizer/sparse_block_matrix/include/sparse_block_matrix/sparse_helper.h:110:41:[m[K [01;36m[Knote: [m[K...this statement, but the latter is misleadingly indented as if it were guarded by the ‘[01m[Kif[m[K’
             if(p) delete[] (INTTYPE*)p; [01;36m[Kp[m[K = 0;
                                         [01;36m[K^[m[K
[01m[K/home/fanzhuzhi/kalibr_workspace/src/Kalibr/aslam_optimizer/sparse_block_matrix/include/sparse_block_matrix/sparse_helper.h:111:13:[m[K [01;35m[Kwarning: [m[Kthis ‘[01m[Kif[m[K’ clause does not guard... [[01;35m[K-Wmisleading-indentation[m[K]
             [01;35m[Kif[m[K(x) delete[] (double*)x; x = 0;
             [01;35m[K^~[m[K
[01m[K/home/fanzhuzhi/kalibr_workspace/src/Kalibr/aslam_optimizer/sparse_block_matrix/include/sparse_block_matrix/sparse_helper.h:111:40:[m[K [01;36m[Knote: [m[K...this statement, but the latter is misleadingly indented as if it were guarded by the ‘[01m[Kif[m[K’
             if(x) delete[] (double*)x; [01;36m[Kx[m[K = 0;
                                        [01;36m[K^[m[K
[01m[K/home/fanzhuzhi/kalibr_workspace/src/Kalibr/aslam_optimizer/sparse_block_matrix/include/sparse_block_matrix/sparse_helper.h:112:13:[m[K [01;35m[Kwarning: [m[Kthis ‘[01m[Kif[m[K’ clause does not guard... [[01;35m[K-Wmisleading-indentation[m[K]
             [01;35m[Kif[m[K(i) delete[] (INTTYPE*)i; i = 0;
             [01;35m[K^~[m[K
[01m[K/home/fanzhuzhi/kalibr_workspace/src/Kalibr/aslam_optimizer/sparse_block_matrix/include/sparse_block_matrix/sparse_helper.h:112:41:[m[K [01;36m[Knote: [m[K...this statement, but the latter is misleadingly indented as if it were guarded by the ‘[01m[Kif[m[K’
             if(i) delete[] (INTTYPE*)i; [01;36m[Ki[m[K = 0;
                                         [01;36m[K^[m[K
In file included from [01m[K/home/fanzhuzhi/kalibr_workspace/src/Kalibr/aslam_optimizer/sparse_block_matrix/include/sparse_block_matrix/sparse_block_matrix.h:30:0[m[K,
                 from [01m[K/home/fanzhuzhi/kalibr_workspace/src/Kalibr/aslam_optimizer/aslam_backend/include/aslam/backend/ErrorTerm.hpp:4[m[K,
                 from [01m[K/home/fanzhuzhi/kalibr_workspace/src/Kalibr/aslam_offline_calibration/kalibr/include/kalibr_errorterms/EuclideanError.hpp:4[m[K,
                 from [01m[K/home/fanzhuzhi/kalibr_workspace/src/Kalibr/aslam_offline_calibration/kalibr/src/EuclideanError.cpp:1[m[K:
[01m[K/home/fanzhuzhi/kalibr_workspace/src/Kalibr/aslam_optimizer/sparse_block_matrix/include/sparse_block_matrix/sparse_helper.h:[m[K In destructor ‘[01m[Ksparse_block_matrix::CholmodExt<INTTYPE>::~CholmodExt()[m[K’:
[01m[K/home/fanzhuzhi/kalibr_workspace/src/Kalibr/aslam_optimizer/sparse_block_matrix/include/sparse_block_matrix/sparse_helper.h:110:13:[m[K [01;35m[Kwarning: [m[Kthis ‘[01m[Kif[m[K’ clause does not guard... [[01;35m[K-Wmisleading-indentation[m[K]
             [01;35m[Kif[m[K(p) delete[] (INTTYPE*)p; p = 0;
             [01;35m[K^~[m[K
[01m[K/home/fanzhuzhi/kalibr_workspace/src/Kalibr/aslam_optimizer/sparse_block_matrix/include/sparse_block_matrix/sparse_helper.h:110:41:[m[K [01;36m[Knote: [m[K...this statement, but the latter is misleadingly indented as if it were guarded by the ‘[01m[Kif[m[K’
             if(p) delete[] (INTTYPE*)p; [01;36m[Kp[m[K = 0;
                                         [01;36m[K^[m[K
[01m[K/home/fanzhuzhi/kalibr_workspace/src/Kalibr/aslam_optimizer/sparse_block_matrix/include/sparse_block_matrix/sparse_helper.h:111:13:[m[K [01;35m[Kwarning: [m[Kthis ‘[01m[Kif[m[K’ clause does not guard... [[01;35m[K-Wmisleading-indentation[m[K]
             [01;35m[Kif[m[K(x) delete[] (double*)x; x = 0;
             [01;35m[K^~[m[K
[01m[K/home/fanzhuzhi/kalibr_workspace/src/Kalibr/aslam_optimizer/sparse_block_matrix/include/sparse_block_matrix/sparse_helper.h:111:40:[m[K [01;36m[Knote: [m[K...this statement, but the latter is misleadingly indented as if it were guarded by the ‘[01m[Kif[m[K’
             if(x) delete[] (double*)x; [01;36m[Kx[m[K = 0;
                                        [01;36m[K^[m[K
[01m[K/home/fanzhuzhi/kalibr_workspace/src/Kalibr/aslam_optimizer/sparse_block_matrix/include/sparse_block_matrix/sparse_helper.h:112:13:[m[K [01;35m[Kwarning: [m[Kthis ‘[01m[Kif[m[K’ clause does not guard... [[01;35m[K-Wmisleading-indentation[m[K]
             [01;35m[Kif[m[K(i) delete[] (INTTYPE*)i; i = 0;
             [01;35m[K^~[m[K
[01m[K/home/fanzhuzhi/kalibr_workspace/src/Kalibr/aslam_optimizer/sparse_block_matrix/include/sparse_block_matrix/sparse_helper.h:112:41:[m[K [01;36m[Knote: [m[K...this statement, but the latter is misleadingly indented as if it were guarded by the ‘[01m[Kif[m[K’
             if(i) delete[] (INTTYPE*)i; [01;36m[Ki[m[K = 0;
                                         [01;36m[K^[m[K
[ 66%] [32m[1mLinking CXX shared library /home/fanzhuzhi/kalibr_workspace/devel/lib/libkalibr_errorterms.so[0m
[ 66%] Built target kalibr_errorterms
[35m[1mScanning dependencies of target kalibr_errorterms_python[0m
[ 83%] [32mBuilding CXX object CMakeFiles/kalibr_errorterms_python.dir/src/module.cpp.o[0m
[100%] [32m[1mLinking CXX shared library /home/fanzhuzhi/kalibr_workspace/devel/lib/libkalibr_errorterms_python.so[0m
[34m[1mCopying library files to python directory[0m
'/home/fanzhuzhi/kalibr_workspace/devel/lib/libkalibr_errorterms_python.so' -> '/home/fanzhuzhi/kalibr_workspace/devel/lib/python2.7/dist-packages//libkalibr_errorterms_python.so'
[100%] Built target kalibr_errorterms_python
