[35m[1mScanning dependencies of target aslam_cv_python[0m
[  7%] [32mBuilding CXX object CMakeFiles/aslam_cv_python.dir/src/module.cpp.o[0m
[ 23%] [32mBuilding CXX object CMakeFiles/aslam_cv_python.dir/src/CameraGeometry.cpp.o[0m
[ 23%] [32mBuilding CXX object CMakeFiles/aslam_cv_python.dir/src/CameraGeometries.cpp.o[0m
[ 30%] [32mBuilding CXX object CMakeFiles/aslam_cv_python.dir/src/Time.cpp.o[0m
[ 38%] [32mBuilding CXX object CMakeFiles/aslam_cv_python.dir/src/Frontend.cpp.o[0m
[ 46%] [32mBuilding CXX object CMakeFiles/aslam_cv_python.dir/src/Frame.cpp.o[0m
[ 53%] [32mBuilding CXX object CMakeFiles/aslam_cv_python.dir/src/CameraProjections.cpp.o[0m
[ 61%] [32mBuilding CXX object CMakeFiles/aslam_cv_python.dir/src/CameraShutters.cpp.o[0m
In file included from [01m[K/home/fanzhuzhi/kalibr_workspace/src/Kalibr/aslam_cv/aslam_cv_python/src/Frame.cpp:9:0[m[K:
[01m[K/home/fanzhuzhi/kalibr_workspace/src/Kalibr/aslam_cv/aslam_cv_python/include/aslam/python/ExportFrame.hpp:[m[K In function ‘[01m[Kvoid aslam::python::exportKeypoint()[m[K’:
[01m[K/home/fanzhuzhi/kalibr_workspace/src/Kalibr/aslam_cv/aslam_cv_python/include/aslam/python/ExportFrame.hpp:22:26:[m[K [01;35m[Kwarning: [m[Ktypedef ‘[01m[Kdescriptor_t[m[K’ locally defined but not used [[01;35m[K-Wunused-local-typedefs[m[K]
   typedef DescriptorBase [01;35m[Kdescriptor_t[m[K;
                          [01;35m[K^~~~~~~~~~~~[m[K
In file included from [01m[K/home/fanzhuzhi/kalibr_workspace/src/Kalibr/aslam_cv/aslam_cv_python/src/Frame.cpp:9:0[m[K:
[01m[K/home/fanzhuzhi/kalibr_workspace/src/Kalibr/aslam_cv/aslam_cv_python/include/aslam/python/ExportFrame.hpp:[m[K In function ‘[01m[Kvoid aslam::python::exportFrame(const string&)[m[K’:
[01m[K/home/fanzhuzhi/kalibr_workspace/src/Kalibr/aslam_cv/aslam_cv_python/include/aslam/python/ExportFrame.hpp:144:26:[m[K [01;35m[Kwarning: [m[Ktypedef ‘[01m[Kdescriptor_t[m[K’ locally defined but not used [[01;35m[K-Wunused-local-typedefs[m[K]
   typedef DescriptorBase [01;35m[Kdescriptor_t[m[K;
                          [01;35m[K^~~~~~~~~~~~[m[K
In file included from [01m[K/home/fanzhuzhi/kalibr_workspace/src/Kalibr/aslam_cv/aslam_cameras/include/aslam/cameras/DoubleSphereProjection.hpp:289:0[m[K,
                 from [01m[K/home/fanzhuzhi/kalibr_workspace/src/Kalibr/aslam_cv/aslam_cameras/include/aslam/cameras.hpp:11[m[K,
                 from [01m[K/home/fanzhuzhi/kalibr_workspace/src/Kalibr/aslam_cv/aslam_cv_python/src/CameraGeometries.cpp:2[m[K:
/home/fanzhuzhi/kalibr_workspace/src/Kalibr/aslam_cv/aslam_cameras/include/aslam/cameras/implementation/DoubleSphereProjection.hpp: In instantiation of ‘[01m[Kvoid aslam::cameras::DoubleSphereProjection<DISTORTION_T>::euclideanToKeypointDistortionJacobian(const Eigen::MatrixBase<OtherDerived>&, const Eigen::MatrixBase<OtherDerived>&) const [with DERIVED_P = Eigen::Matrix<double, 3, 1>; DERIVED_JD = Eigen::Matrix<double, -1, -1>; DISTORTION_T = aslam::cameras::NoDistortion][m[K’:
[01m[K/home/fanzhuzhi/kalibr_workspace/src/Kalibr/aslam_cv/aslam_cameras/include/aslam/cameras/implementation/CameraGeometry.hpp:688:9:[m[K   required from ‘[01m[Kvoid aslam::cameras::CameraGeometry<PROJECTION_T, SHUTTER_T, MASK_T>::euclideanToKeypointIntrinsicsJacobian(const Vector3d&, Eigen::MatrixXd&, bool, bool, bool) const [with PROJECTION_T = aslam::cameras::DoubleSphereProjection<aslam::cameras::NoDistortion>; SHUTTER_T = aslam::cameras::GlobalShutter; MASK_T = aslam::cameras::NoMask; Eigen::Vector3d = Eigen::Matrix<double, 3, 1>; Eigen::MatrixXd = Eigen::Matrix<double, -1, -1>][m[K’
[01m[K/home/fanzhuzhi/kalibr_workspace/src/Kalibr/aslam_cv/aslam_cv_python/src/CameraGeometries.cpp:182:1:[m[K   required from here
[01m[K/home/fanzhuzhi/kalibr_workspace/src/Kalibr/aslam_cv/aslam_cameras/include/aslam/cameras/implementation/DoubleSphereProjection.hpp:508:42:[m[K [01;35m[Kwarning: [m[Kunused parameter ‘[01m[Kp[m[K’ [[01;35m[K-Wunused-parameter[m[K]
     const Eigen::MatrixBase<DERIVED_P> & [01;35m[Kp[m[K,
                                          [01;35m[K^[m[K
/home/fanzhuzhi/kalibr_workspace/src/Kalibr/aslam_cv/aslam_cameras/include/aslam/cameras/implementation/DoubleSphereProjection.hpp: In instantiation of ‘[01m[Kvoid aslam::cameras::DoubleSphereProjection<DISTORTION_T>::euclideanToKeypointDistortionJacobian(const Eigen::MatrixBase<OtherDerived>&, const Eigen::MatrixBase<OtherDerived>&) const [with DERIVED_P = Eigen::CwiseUnaryOp<Eigen::internal::scalar_opposite_op<double>, const Eigen::Block<const Eigen::Matrix<double, 4, 1>, 3, 1, false> >; DERIVED_JD = Eigen::Matrix<double, -1, -1>; DISTORTION_T = aslam::cameras::NoDistortion][m[K’:
[01m[K/home/fanzhuzhi/kalibr_workspace/src/Kalibr/aslam_cv/aslam_cameras/include/aslam/cameras/implementation/DoubleSphereProjection.hpp:550:42:[m[K   required from ‘[01m[Kvoid aslam::cameras::DoubleSphereProjection<DISTORTION_T>::homogeneousToKeypointDistortionJacobian(const Eigen::MatrixBase<OtherDerived>&, const Eigen::MatrixBase<OtherDerived>&) const [with DERIVED_P = Eigen::Matrix<double, 4, 1>; DERIVED_JD = Eigen::Matrix<double, -1, -1>; DISTORTION_T = aslam::cameras::NoDistortion][m[K’
[01m[K/home/fanzhuzhi/kalibr_workspace/src/Kalibr/aslam_cv/aslam_cameras/include/aslam/cameras/implementation/CameraGeometry.hpp:723:9:[m[K   required from ‘[01m[Kvoid aslam::cameras::CameraGeometry<PROJECTION_T, SHUTTER_T, MASK_T>::homogeneousToKeypointIntrinsicsJacobian(const Vector4d&, Eigen::MatrixXd&, bool, bool, bool) const [with PROJECTION_T = aslam::cameras::DoubleSphereProjection<aslam::cameras::NoDistortion>; SHUTTER_T = aslam::cameras::GlobalShutter; MASK_T = aslam::cameras::NoMask; Eigen::Vector4d = Eigen::Matrix<double, 4, 1>; Eigen::MatrixXd = Eigen::Matrix<double, -1, -1>][m[K’
[01m[K/home/fanzhuzhi/kalibr_workspace/src/Kalibr/aslam_cv/aslam_cv_python/src/CameraGeometries.cpp:182:1:[m[K   required from here
[01m[K/home/fanzhuzhi/kalibr_workspace/src/Kalibr/aslam_cv/aslam_cameras/include/aslam/cameras/implementation/DoubleSphereProjection.hpp:508:42:[m[K [01;35m[Kwarning: [m[Kunused parameter ‘[01m[Kp[m[K’ [[01;35m[K-Wunused-parameter[m[K]
/home/fanzhuzhi/kalibr_workspace/src/Kalibr/aslam_cv/aslam_cameras/include/aslam/cameras/implementation/DoubleSphereProjection.hpp: In instantiation of ‘[01m[Kvoid aslam::cameras::DoubleSphereProjection<DISTORTION_T>::euclideanToKeypointDistortionJacobian(const Eigen::MatrixBase<OtherDerived>&, const Eigen::MatrixBase<OtherDerived>&) const [with DERIVED_P = Eigen::Block<const Eigen::Matrix<double, 4, 1>, 3, 1, false>; DERIVED_JD = Eigen::Matrix<double, -1, -1>; DISTORTION_T = aslam::cameras::NoDistortion][m[K’:
[01m[K/home/fanzhuzhi/kalibr_workspace/src/Kalibr/aslam_cv/aslam_cameras/include/aslam/cameras/implementation/DoubleSphereProjection.hpp:553:42:[m[K   required from ‘[01m[Kvoid aslam::cameras::DoubleSphereProjection<DISTORTION_T>::homogeneousToKeypointDistortionJacobian(const Eigen::MatrixBase<OtherDerived>&, const Eigen::MatrixBase<OtherDerived>&) const [with DERIVED_P = Eigen::Matrix<double, 4, 1>; DERIVED_JD = Eigen::Matrix<double, -1, -1>; DISTORTION_T = aslam::cameras::NoDistortion][m[K’
[01m[K/home/fanzhuzhi/kalibr_workspace/src/Kalibr/aslam_cv/aslam_cameras/include/aslam/cameras/implementation/CameraGeometry.hpp:723:9:[m[K   required from ‘[01m[Kvoid aslam::cameras::CameraGeometry<PROJECTION_T, SHUTTER_T, MASK_T>::homogeneousToKeypointIntrinsicsJacobian(const Vector4d&, Eigen::MatrixXd&, bool, bool, bool) const [with PROJECTION_T = aslam::cameras::DoubleSphereProjection<aslam::cameras::NoDistortion>; SHUTTER_T = aslam::cameras::GlobalShutter; MASK_T = aslam::cameras::NoMask; Eigen::Vector4d = Eigen::Matrix<double, 4, 1>; Eigen::MatrixXd = Eigen::Matrix<double, -1, -1>][m[K’
[01m[K/home/fanzhuzhi/kalibr_workspace/src/Kalibr/aslam_cv/aslam_cv_python/src/CameraGeometries.cpp:182:1:[m[K   required from here
[01m[K/home/fanzhuzhi/kalibr_workspace/src/Kalibr/aslam_cv/aslam_cameras/include/aslam/cameras/implementation/DoubleSphereProjection.hpp:508:42:[m[K [01;35m[Kwarning: [m[Kunused parameter ‘[01m[Kp[m[K’ [[01;35m[K-Wunused-parameter[m[K]
In file included from [01m[K/home/fanzhuzhi/kalibr_workspace/src/Kalibr/aslam_cv/aslam_cameras/include/aslam/cameras/DoubleSphereProjection.hpp:289:0[m[K,
                 from [01m[K/home/fanzhuzhi/kalibr_workspace/src/Kalibr/aslam_cv/aslam_cameras/include/aslam/cameras.hpp:11[m[K,
                 from [01m[K/home/fanzhuzhi/kalibr_workspace/src/Kalibr/aslam_cv/aslam_cv_python/src/Frame.cpp:5[m[K:
/home/fanzhuzhi/kalibr_workspace/src/Kalibr/aslam_cv/aslam_cameras/include/aslam/cameras/implementation/DoubleSphereProjection.hpp: In instantiation of ‘[01m[Kvoid aslam::cameras::DoubleSphereProjection<DISTORTION_T>::euclideanToKeypointDistortionJacobian(const Eigen::MatrixBase<OtherDerived>&, const Eigen::MatrixBase<OtherDerived>&) const [with DERIVED_P = Eigen::Matrix<double, 3, 1>; DERIVED_JD = Eigen::Matrix<double, -1, -1>; DISTORTION_T = aslam::cameras::NoDistortion][m[K’:
[01m[K/home/fanzhuzhi/kalibr_workspace/src/Kalibr/aslam_cv/aslam_cameras/include/aslam/cameras/implementation/CameraGeometry.hpp:688:9:[m[K   required from ‘[01m[Kvoid aslam::cameras::CameraGeometry<PROJECTION_T, SHUTTER_T, MASK_T>::euclideanToKeypointIntrinsicsJacobian(const Vector3d&, Eigen::MatrixXd&, bool, bool, bool) const [with PROJECTION_T = aslam::cameras::DoubleSphereProjection<aslam::cameras::NoDistortion>; SHUTTER_T = aslam::cameras::GlobalShutter; MASK_T = aslam::cameras::NoMask; Eigen::Vector3d = Eigen::Matrix<double, 3, 1>; Eigen::MatrixXd = Eigen::Matrix<double, -1, -1>][m[K’
[01m[K/home/fanzhuzhi/kalibr_workspace/src/Kalibr/aslam_cv/aslam_cv_python/src/Frame.cpp:223:1:[m[K   required from here
[01m[K/home/fanzhuzhi/kalibr_workspace/src/Kalibr/aslam_cv/aslam_cameras/include/aslam/cameras/implementation/DoubleSphereProjection.hpp:508:42:[m[K [01;35m[Kwarning: [m[Kunused parameter ‘[01m[Kp[m[K’ [[01;35m[K-Wunused-parameter[m[K]
     const Eigen::MatrixBase<DERIVED_P> & [01;35m[Kp[m[K,
                                          [01;35m[K^[m[K
/home/fanzhuzhi/kalibr_workspace/src/Kalibr/aslam_cv/aslam_cameras/include/aslam/cameras/implementation/DoubleSphereProjection.hpp: In instantiation of ‘[01m[Kvoid aslam::cameras::DoubleSphereProjection<DISTORTION_T>::euclideanToKeypointDistortionJacobian(const Eigen::MatrixBase<OtherDerived>&, const Eigen::MatrixBase<OtherDerived>&) const [with DERIVED_P = Eigen::CwiseUnaryOp<Eigen::internal::scalar_opposite_op<double>, const Eigen::Block<const Eigen::Matrix<double, 4, 1>, 3, 1, false> >; DERIVED_JD = Eigen::Matrix<double, -1, -1>; DISTORTION_T = aslam::cameras::NoDistortion][m[K’:
[01m[K/home/fanzhuzhi/kalibr_workspace/src/Kalibr/aslam_cv/aslam_cameras/include/aslam/cameras/implementation/DoubleSphereProjection.hpp:550:42:[m[K   required from ‘[01m[Kvoid aslam::cameras::DoubleSphereProjection<DISTORTION_T>::homogeneousToKeypointDistortionJacobian(const Eigen::MatrixBase<OtherDerived>&, const Eigen::MatrixBase<OtherDerived>&) const [with DERIVED_P = Eigen::Matrix<double, 4, 1>; DERIVED_JD = Eigen::Matrix<double, -1, -1>; DISTORTION_T = aslam::cameras::NoDistortion][m[K’
[01m[K/home/fanzhuzhi/kalibr_workspace/src/Kalibr/aslam_cv/aslam_cameras/include/aslam/cameras/implementation/CameraGeometry.hpp:723:9:[m[K   required from ‘[01m[Kvoid aslam::cameras::CameraGeometry<PROJECTION_T, SHUTTER_T, MASK_T>::homogeneousToKeypointIntrinsicsJacobian(const Vector4d&, Eigen::MatrixXd&, bool, bool, bool) const [with PROJECTION_T = aslam::cameras::DoubleSphereProjection<aslam::cameras::NoDistortion>; SHUTTER_T = aslam::cameras::GlobalShutter; MASK_T = aslam::cameras::NoMask; Eigen::Vector4d = Eigen::Matrix<double, 4, 1>; Eigen::MatrixXd = Eigen::Matrix<double, -1, -1>][m[K’
[01m[K/home/fanzhuzhi/kalibr_workspace/src/Kalibr/aslam_cv/aslam_cv_python/src/Frame.cpp:223:1:[m[K   required from here
[01m[K/home/fanzhuzhi/kalibr_workspace/src/Kalibr/aslam_cv/aslam_cameras/include/aslam/cameras/implementation/DoubleSphereProjection.hpp:508:42:[m[K [01;35m[Kwarning: [m[Kunused parameter ‘[01m[Kp[m[K’ [[01;35m[K-Wunused-parameter[m[K]
/home/fanzhuzhi/kalibr_workspace/src/Kalibr/aslam_cv/aslam_cameras/include/aslam/cameras/implementation/DoubleSphereProjection.hpp: In instantiation of ‘[01m[Kvoid aslam::cameras::DoubleSphereProjection<DISTORTION_T>::euclideanToKeypointDistortionJacobian(const Eigen::MatrixBase<OtherDerived>&, const Eigen::MatrixBase<OtherDerived>&) const [with DERIVED_P = Eigen::Block<const Eigen::Matrix<double, 4, 1>, 3, 1, false>; DERIVED_JD = Eigen::Matrix<double, -1, -1>; DISTORTION_T = aslam::cameras::NoDistortion][m[K’:
[01m[K/home/fanzhuzhi/kalibr_workspace/src/Kalibr/aslam_cv/aslam_cameras/include/aslam/cameras/implementation/DoubleSphereProjection.hpp:553:42:[m[K   required from ‘[01m[Kvoid aslam::cameras::DoubleSphereProjection<DISTORTION_T>::homogeneousToKeypointDistortionJacobian(const Eigen::MatrixBase<OtherDerived>&, const Eigen::MatrixBase<OtherDerived>&) const [with DERIVED_P = Eigen::Matrix<double, 4, 1>; DERIVED_JD = Eigen::Matrix<double, -1, -1>; DISTORTION_T = aslam::cameras::NoDistortion][m[K’
[01m[K/home/fanzhuzhi/kalibr_workspace/src/Kalibr/aslam_cv/aslam_cameras/include/aslam/cameras/implementation/CameraGeometry.hpp:723:9:[m[K   required from ‘[01m[Kvoid aslam::cameras::CameraGeometry<PROJECTION_T, SHUTTER_T, MASK_T>::homogeneousToKeypointIntrinsicsJacobian(const Vector4d&, Eigen::MatrixXd&, bool, bool, bool) const [with PROJECTION_T = aslam::cameras::DoubleSphereProjection<aslam::cameras::NoDistortion>; SHUTTER_T = aslam::cameras::GlobalShutter; MASK_T = aslam::cameras::NoMask; Eigen::Vector4d = Eigen::Matrix<double, 4, 1>; Eigen::MatrixXd = Eigen::Matrix<double, -1, -1>][m[K’
[01m[K/home/fanzhuzhi/kalibr_workspace/src/Kalibr/aslam_cv/aslam_cv_python/src/Frame.cpp:223:1:[m[K   required from here
[01m[K/home/fanzhuzhi/kalibr_workspace/src/Kalibr/aslam_cv/aslam_cameras/include/aslam/cameras/implementation/DoubleSphereProjection.hpp:508:42:[m[K [01;35m[Kwarning: [m[Kunused parameter ‘[01m[Kp[m[K’ [[01;35m[K-Wunused-parameter[m[K]
[ 69%] [32mBuilding CXX object CMakeFiles/aslam_cv_python.dir/src/GridCalibration.cpp.o[0m
[ 76%] [32mBuilding CXX object CMakeFiles/aslam_cv_python.dir/src/Undistorters.cpp.o[0m
[ 84%] [32mBuilding CXX object CMakeFiles/aslam_cv_python.dir/src/OmniUndistorter.cpp.o[0m
In file included from [01m[K/home/fanzhuzhi/kalibr_workspace/src/Kalibr/aslam_cv/aslam_cameras/include/aslam/targets.hpp:5:0[m[K,
                 from [01m[K/home/fanzhuzhi/kalibr_workspace/src/Kalibr/aslam_cv/aslam_cv_python/src/GridCalibration.cpp:9[m[K:
[01m[K/home/fanzhuzhi/kalibr_workspace/src/Kalibr/aslam_cv/aslam_cameras/include/aslam/cameras/GridCalibrationTargetCheckerboard.hpp:[m[K In constructor ‘[01m[Kaslam::cameras::GridCalibrationTargetCheckerboard::CheckerboardOptions::CheckerboardOptions()[m[K’:
[01m[K/home/fanzhuzhi/kalibr_workspace/src/Kalibr/aslam_cv/aslam_cameras/include/aslam/cameras/GridCalibrationTargetCheckerboard.hpp:43:10:[m[K [01;35m[Kwarning: [m[K‘[01m[Kaslam::cameras::GridCalibrationTargetCheckerboard::CheckerboardOptions::showExtractionVideo[m[K’ will be initialized after [[01;35m[K-Wreorder[m[K]
     bool [01;35m[KshowExtractionVideo[m[K;
          [01;35m[K^~~~~~~~~~~~~~~~~~~[m[K
[01m[K/home/fanzhuzhi/kalibr_workspace/src/Kalibr/aslam_cv/aslam_cameras/include/aslam/cameras/GridCalibrationTargetCheckerboard.hpp:40:18:[m[K [01;35m[Kwarning: [m[K  ‘[01m[Kunsigned int aslam::cameras::GridCalibrationTargetCheckerboard::CheckerboardOptions::windowWidth[m[K’ [[01;35m[K-Wreorder[m[K]
     unsigned int [01;35m[KwindowWidth[m[K;
                  [01;35m[K^~~~~~~~~~~[m[K
[01m[K/home/fanzhuzhi/kalibr_workspace/src/Kalibr/aslam_cv/aslam_cameras/include/aslam/cameras/GridCalibrationTargetCheckerboard.hpp:25:5:[m[K [01;35m[Kwarning: [m[K  when initialized here [[01;35m[K-Wreorder[m[K]
     [01;35m[KCheckerboardOptions[m[K() :
     [01;35m[K^~~~~~~~~~~~~~~~~~~[m[K
In file included from [01m[K/home/fanzhuzhi/kalibr_workspace/src/Kalibr/aslam_cv/aslam_imgproc/include/aslam/OmniUndistorter.hpp:115:0[m[K,
                 from [01m[K/home/fanzhuzhi/kalibr_workspace/src/Kalibr/aslam_cv/aslam_cv_python/src/OmniUndistorter.cpp:2[m[K:
[01m[K/home/fanzhuzhi/kalibr_workspace/src/Kalibr/aslam_cv/aslam_imgproc/include/aslam/implementation/OmniUndistorter.hpp:[m[K In function ‘[01m[Kvoid aslam::initUndistOmniToPinholeMap(boost::shared_ptr<T>, const Matrix3d&, cv::Size, cv::OutputArray, cv::OutputArray) [with CAMERA_T = aslam::cameras::CameraGeometry<aslam::cameras::OmniProjection<aslam::cameras::NoDistortion>, aslam::cameras::GlobalShutter, aslam::cameras::NoMask>][m[K’:
[01m[K/home/fanzhuzhi/kalibr_workspace/src/Kalibr/aslam_cv/aslam_imgproc/include/aslam/implementation/OmniUndistorter.hpp:117:34:[m[K [01;35m[Kwarning: [m[K‘[01m[K*((void*)& keypoint +8)[m[K’ may be used uninitialized in this function [[01;35m[K-Wmaybe-uninitialized[m[K]
       int iv = [01;35m[Ksaturate_cast<int>(keypoint[1] * INTER_TAB_SIZE)[m[K;
                [01;35m[K~~~~~~~~~~~~~~~~~~^~~~~~~~~~~~~~~~~~~~~~~~~~~~~~[m[K
[01m[K/home/fanzhuzhi/kalibr_workspace/src/Kalibr/aslam_cv/aslam_imgproc/include/aslam/implementation/OmniUndistorter.hpp:116:34:[m[K [01;35m[Kwarning: [m[K‘[01m[Kkeypoint[m[K’ may be used uninitialized in this function [[01;35m[K-Wmaybe-uninitialized[m[K]
       int iu = [01;35m[Ksaturate_cast<int>(keypoint[0] * INTER_TAB_SIZE)[m[K;
                [01;35m[K~~~~~~~~~~~~~~~~~~^~~~~~~~~~~~~~~~~~~~~~~~~~~~~~[m[K
[01m[K/home/fanzhuzhi/kalibr_workspace/src/Kalibr/aslam_cv/aslam_imgproc/include/aslam/implementation/OmniUndistorter.hpp:[m[K In function ‘[01m[Kvoid aslam::initUndistOmniToPinholeMap(boost::shared_ptr<T>, const Matrix3d&, cv::Size, cv::OutputArray, cv::OutputArray) [with CAMERA_T = aslam::cameras::CameraGeometry<aslam::cameras::OmniProjection<aslam::cameras::NoDistortion>, aslam::cameras::GlobalShutter, aslam::cameras::ImageMask>][m[K’:
[01m[K/home/fanzhuzhi/kalibr_workspace/src/Kalibr/aslam_cv/aslam_imgproc/include/aslam/implementation/OmniUndistorter.hpp:117:34:[m[K [01;35m[Kwarning: [m[K‘[01m[K*((void*)& keypoint +8)[m[K’ may be used uninitialized in this function [[01;35m[K-Wmaybe-uninitialized[m[K]
       int iv = [01;35m[Ksaturate_cast<int>(keypoint[1] * INTER_TAB_SIZE)[m[K;
                [01;35m[K~~~~~~~~~~~~~~~~~~^~~~~~~~~~~~~~~~~~~~~~~~~~~~~~[m[K
[01m[K/home/fanzhuzhi/kalibr_workspace/src/Kalibr/aslam_cv/aslam_imgproc/include/aslam/implementation/OmniUndistorter.hpp:116:34:[m[K [01;35m[Kwarning: [m[K‘[01m[Kkeypoint[m[K’ may be used uninitialized in this function [[01;35m[K-Wmaybe-uninitialized[m[K]
       int iu = [01;35m[Ksaturate_cast<int>(keypoint[0] * INTER_TAB_SIZE)[m[K;
                [01;35m[K~~~~~~~~~~~~~~~~~~^~~~~~~~~~~~~~~~~~~~~~~~~~~~~~[m[K
[ 92%] [32mBuilding CXX object CMakeFiles/aslam_cv_python.dir/src/PinholeUndistorter.cpp.o[0m
[100%] [32m[1mLinking CXX shared library /home/fanzhuzhi/kalibr_workspace/devel/lib/libaslam_cv_python.so[0m
[34m[1mCopying library files to python directory[0m
'/home/fanzhuzhi/kalibr_workspace/devel/lib/libaslam_cv_python.so' -> '/home/fanzhuzhi/kalibr_workspace/devel/lib/python2.7/dist-packages/aslam_cv/libaslam_cv_python.so'
[100%] Built target aslam_cv_python
