Not searching for unused variables given on the command line.
[36m--[0m The C compiler identification is GNU 7.4.0
[36m--[0m The CXX compiler identification is GNU 7.4.0
[36m--[0m Check for working C compiler: /usr/bin/cc
[36m--[0m Check for working C compiler: /usr/bin/cc -- works
[36m--[0m Detecting C compiler ABI info
[36m--[0m Detecting C compiler ABI info - done
[36m--[0m Detecting C compile features
[36m--[0m Detecting C compile features - done
[36m--[0m Check for working CXX compiler: /usr/bin/c++
[36m--[0m Check for working CXX compiler: /usr/bin/c++ -- works
[36m--[0m Detecting CXX compiler ABI info
[36m--[0m Detecting CXX compiler ABI info - done
[36m--[0m Detecting CXX compile features
[36m--[0m Detecting CXX compile features - done
[36m--[0m Using CATKIN_DEVEL_PREFIX: /home/fanzhuzhi/kalibr_workspace/devel
[36m--[0m Using CMAKE_PREFIX_PATH: /home/fanzhuzhi/kalibr_workspace/devel;/opt/ros/melodic
[36m--[0m This workspace overlays: /home/fanzhuzhi/kalibr_workspace/devel;/opt/ros/melodic
[36m--[0m Found PythonInterp: /usr/bin/python2 (found suitable version "2.7.15", minimum required is "2")
[36m--[0m Using PYTHON_EXECUTABLE: /usr/bin/python2
[36m--[0m Using Debian Python package layout
[36m--[0m Using empy: /usr/bin/empy
[36m--[0m Using CATKIN_ENABLE_TESTING: ON
[36m--[0m Call enable_testing()
[36m--[0m Using CATKIN_TEST_RESULTS_DIR: /home/fanzhuzhi/kalibr_workspace/build/aslam_cv_python/test_results
[36m--[0m Found gmock sources under '/usr/src/googletest': gmock will be built
[36m--[0m Found PythonInterp: /usr/bin/python2 (found version "2.7.15")
[36m--[0m Looking for pthread.h
[36m--[0m Looking for pthread.h - found
[36m--[0m Looking for pthread_create
[36m--[0m Looking for pthread_create - not found
[36m--[0m Looking for pthread_create in pthreads
[36m--[0m Looking for pthread_create in pthreads - not found
[36m--[0m Looking for pthread_create in pthread
[36m--[0m Looking for pthread_create in pthread - found
[36m--[0m Found Threads: TRUE
[36m--[0m Found gtest sources under '/usr/src/googletest': gtests will be built
[36m--[0m Using Python nosetests: /usr/bin/nosetests-2.7
[36m--[0m catkin 0.7.17
[36m--[0m BUILD_SHARED_LIBS is on
[36m--[0m Found OpenCV: /usr (found version "3.2.0")
[36m--[0m Using OpenCV library directory
[36m--[0m Found OpenCV include directory /usr/include;/usr/include/opencv
[36m--[0m Found OpenCV libraries opencv_calib3d;opencv_core;opencv_features2d;opencv_flann;opencv_highgui;opencv_imgcodecs;opencv_imgproc;opencv_ml;opencv_objdetect;opencv_photo;opencv_shape;opencv_stitching;opencv_superres;opencv_video;opencv_videoio;opencv_videostab;opencv_viz;opencv_aruco;opencv_bgsegm;opencv_bioinspired;opencv_ccalib;opencv_datasets;opencv_dpm;opencv_face;opencv_freetype;opencv_fuzzy;opencv_hdf;opencv_line_descriptor;opencv_optflow;opencv_phase_unwrapping;opencv_plot;opencv_reg;opencv_rgbd;opencv_saliency;opencv_stereo;opencv_structured_light;opencv_surface_matching;opencv_text;opencv_ximgproc;opencv_xobjdetect;opencv_xphoto
[36m--[0m Found PythonLibs: /usr/lib/x86_64-linux-gnu/libpython2.7.so (found suitable version "2.7.15rc1", minimum required is "2.7")
[36m--[0m Boost version: 1.65.1
[36m--[0m Found the following Boost libraries:
[36m--[0m   python
CMake Warning (dev) at /home/fanzhuzhi/kalibr_workspace/src/Kalibr/Schweizer-Messer/python_module/cmake/add_python_export_library.cmake:131 (get_property):
  Policy CMP0026 is not set: Disallow use of the LOCATION target property.
  Run "cmake --help-policy CMP0026" for policy details.  Use the cmake_policy
  command to set the policy and suppress this warning.

  The LOCATION property should not be read from target "aslam_cv_python".
  Use the target name directly with add_custom_command, or use the generator
  expression $<TARGET_FILE>, as appropriate.

[36mCall Stack (most recent call first):[0m
  CMakeLists.txt:13 (add_python_export_library)
This warning is for project developers.  Use -Wno-dev to suppress it.

[36m--[0m Boost version: 1.65.1
[36m--[0m Found the following Boost libraries:
[36m--[0m   serialization
[36m--[0m Configuring done
[36m--[0m Generating done
[36m--[0m Build files have been written to: /home/fanzhuzhi/kalibr_workspace/build/aslam_cv_python
