Determining if the pthread_create exist failed with the following output:
Change Dir: /home/fanzhuzhi/kalibr_workspace/build/catkin_simple/CMakeFiles/CMakeTmp

Run Build Command:"/usr/bin/make" "cmTC_b212f/fast"
/usr/bin/make -f CMakeFiles/cmTC_b212f.dir/build.make CMakeFiles/cmTC_b212f.dir/build
make[1] : on entre dans le répertoire « /home/fanzhuzhi/kalibr_workspace/build/catkin_simple/CMakeFiles/CMakeTmp »
Building C object CMakeFiles/cmTC_b212f.dir/CheckSymbolExists.c.o
/usr/bin/cc    -o CMakeFiles/cmTC_b212f.dir/CheckSymbolExists.c.o   -c /home/fanzhuzhi/kalibr_workspace/build/catkin_simple/CMakeFiles/CMakeTmp/CheckSymbolExists.c
Linking C executable cmTC_b212f
/usr/bin/cmake -E cmake_link_script CMakeFiles/cmTC_b212f.dir/link.txt --verbose=1
/usr/bin/cc      -rdynamic CMakeFiles/cmTC_b212f.dir/CheckSymbolExists.c.o  -o cmTC_b212f 
CMakeFiles/cmTC_b212f.dir/CheckSymbolExists.c.o : Dans la fonction « main » :
CheckSymbolExists.c:(.text+0x1b) : référence indéfinie vers « pthread_create »
collect2: error: ld returned 1 exit status
CMakeFiles/cmTC_b212f.dir/build.make:97: recipe for target 'cmTC_b212f' failed
make[1]: *** [cmTC_b212f] Error 1
make[1] : on quitte le répertoire « /home/fanzhuzhi/kalibr_workspace/build/catkin_simple/CMakeFiles/CMakeTmp »
Makefile:126: recipe for target 'cmTC_b212f/fast' failed
make: *** [cmTC_b212f/fast] Error 2

File /home/fanzhuzhi/kalibr_workspace/build/catkin_simple/CMakeFiles/CMakeTmp/CheckSymbolExists.c:
/* */
#include <pthread.h>

int main(int argc, char** argv)
{
  (void)argv;
#ifndef pthread_create
  return ((int*)(&pthread_create))[argc];
#else
  (void)argc;
  return 0;
#endif
}

Determining if the function pthread_create exists in the pthreads failed with the following output:
Change Dir: /home/fanzhuzhi/kalibr_workspace/build/catkin_simple/CMakeFiles/CMakeTmp

Run Build Command:"/usr/bin/make" "cmTC_556fe/fast"
/usr/bin/make -f CMakeFiles/cmTC_556fe.dir/build.make CMakeFiles/cmTC_556fe.dir/build
make[1] : on entre dans le répertoire « /home/fanzhuzhi/kalibr_workspace/build/catkin_simple/CMakeFiles/CMakeTmp »
Building C object CMakeFiles/cmTC_556fe.dir/CheckFunctionExists.c.o
/usr/bin/cc   -DCHECK_FUNCTION_EXISTS=pthread_create   -o CMakeFiles/cmTC_556fe.dir/CheckFunctionExists.c.o   -c /usr/share/cmake-3.10/Modules/CheckFunctionExists.c
Linking C executable cmTC_556fe
/usr/bin/cmake -E cmake_link_script CMakeFiles/cmTC_556fe.dir/link.txt --verbose=1
/usr/bin/cc  -DCHECK_FUNCTION_EXISTS=pthread_create    -rdynamic CMakeFiles/cmTC_556fe.dir/CheckFunctionExists.c.o  -o cmTC_556fe -lpthreads 
/usr/bin/ld : ne peut trouver -lpthreads
collect2: error: ld returned 1 exit status
CMakeFiles/cmTC_556fe.dir/build.make:97: recipe for target 'cmTC_556fe' failed
make[1]: *** [cmTC_556fe] Error 1
make[1] : on quitte le répertoire « /home/fanzhuzhi/kalibr_workspace/build/catkin_simple/CMakeFiles/CMakeTmp »
Makefile:126: recipe for target 'cmTC_556fe/fast' failed
make: *** [cmTC_556fe/fast] Error 2


